[INFO ] 2019-04-25 21:41:38.847 [restartedMain] org.stfc.StfcApplication: Starting StfcApplication on dmin-PC with PID 6628 (E:\DONG\STFC\qldt\SOURCE\authen\target\classes started by dmin in E:\DONG\STFC\qldt\SOURCE\authen)
[DEBUG] 2019-04-25 21:41:38.863 [restartedMain] org.stfc.StfcApplication: Running with Spring Boot v2.1.0.RELEASE, Spring v5.1.2.RELEASE
[INFO ] 2019-04-25 21:41:38.864 [restartedMain] org.stfc.StfcApplication: No active profile set, falling back to default profiles: default
[INFO ] 2019-04-25 21:41:41.945 [restartedMain] org.apache.coyote.http11.Http11NioProtocol: Initializing ProtocolHandler ["http-nio-8888"]
[INFO ] 2019-04-25 21:41:41.956 [restartedMain] org.apache.catalina.core.StandardService: Starting service [Tomcat]
[INFO ] 2019-04-25 21:41:41.957 [restartedMain] org.apache.catalina.core.StandardEngine: Starting Servlet Engine: Apache Tomcat/9.0.12
[INFO ] 2019-04-25 21:41:41.972 [restartedMain] org.apache.catalina.core.AprLifecycleListener: The APR based Apache Tomcat Native library which allows optimal performance in production environments was not found on the java.library.path: [C:\Program Files\Java\jdk1.8.0_121\bin;C:\Windows\Sun\Java\bin;C:\Windows\system32;C:\Windows;C:\ProgramData\Oracle\Java\javapath;C:\Windows\system32;C:\Windows;C:\Windows\System32\Wbem;C:\Windows\System32\WindowsPowerShell\v1.0\;C:\Program Files\Java\jdk1.8.0_121\bin;C:\Program Files\nodejs\;C:\Program Files\Git\cmd;C:\Program Files\TortoiseGit\bin;C:\Users\dmin\AppData\Local\GitHubDesktop\bin;C:\Users\dmin\AppData\Roaming\npm;.]
[INFO ] 2019-04-25 21:41:42.125 [restartedMain] org.apache.catalina.core.ContainerBase.[Tomcat].[localhost].[/]: Initializing Spring embedded WebApplicationContext
[WARN ] 2019-04-25 21:41:46.759 [restartedMain] org.springframework.boot.autoconfigure.orm.jpa.JpaBaseConfiguration$JpaWebConfiguration$JpaWebMvcConfiguration: spring.jpa.open-in-view is enabled by default. Therefore, database queries may be performed during view rendering. Explicitly configure spring.jpa.open-in-view to disable this warning
[INFO ] 2019-04-25 21:41:47.531 [restartedMain] org.apache.coyote.http11.Http11NioProtocol: Starting ProtocolHandler ["http-nio-8888"]
[INFO ] 2019-04-25 21:41:47.544 [restartedMain] org.apache.tomcat.util.net.NioSelectorPool: Using a shared selector for servlet write/read
[INFO ] 2019-04-25 21:41:47.612 [restartedMain] org.stfc.StfcApplication: Started StfcApplication in 9.139 seconds (JVM running for 12.029)
[INFO ] 2019-04-25 21:42:56.204 [http-nio-8888-exec-1] org.apache.catalina.core.ContainerBase.[Tomcat].[localhost].[/]: Initializing Spring DispatcherServlet 'dispatcherServlet'
[DEBUG] 2019-04-25 21:42:56.318 [http-nio-8888-exec-1] org.stfc.controller.UsersController: Body request: null
[WARN ] 2019-04-25 21:42:59.789 [http-nio-8888-exec-1] org.hibernate.engine.jdbc.spi.SqlExceptionHelper: SQL Error: 1146, SQLState: 42S02
[ERROR] 2019-04-25 21:42:59.789 [http-nio-8888-exec-1] org.hibernate.engine.jdbc.spi.SqlExceptionHelper: Table 'user_management.user' doesn't exist
[ERROR] 2019-04-25 21:43:13.846 [http-nio-8888-exec-1] org.stfc.controller.UsersController: could not extract ResultSet; SQL [n/a]; nested exception is org.hibernate.exception.SQLGrammarException: could not extract ResultSet
org.springframework.dao.InvalidDataAccessResourceUsageException: could not extract ResultSet; SQL [n/a]; nested exception is org.hibernate.exception.SQLGrammarException: could not extract ResultSet
	at org.springframework.orm.jpa.vendor.HibernateJpaDialect.convertHibernateAccessException(HibernateJpaDialect.java:279) ~[spring-orm-5.1.2.RELEASE.jar:5.1.2.RELEASE]
	at org.springframework.orm.jpa.vendor.HibernateJpaDialect.translateExceptionIfPossible(HibernateJpaDialect.java:253) ~[spring-orm-5.1.2.RELEASE.jar:5.1.2.RELEASE]
	at org.springframework.orm.jpa.AbstractEntityManagerFactoryBean.translateExceptionIfPossible(AbstractEntityManagerFactoryBean.java:527) ~[spring-orm-5.1.2.RELEASE.jar:5.1.2.RELEASE]
	at org.springframework.dao.support.ChainedPersistenceExceptionTranslator.translateExceptionIfPossible(ChainedPersistenceExceptionTranslator.java:61) ~[spring-tx-5.1.2.RELEASE.jar:5.1.2.RELEASE]
	at org.springframework.dao.support.DataAccessUtils.translateIfNecessary(DataAccessUtils.java:242) ~[spring-tx-5.1.2.RELEASE.jar:5.1.2.RELEASE]
	at org.springframework.dao.support.PersistenceExceptionTranslationInterceptor.invoke(PersistenceExceptionTranslationInterceptor.java:153) ~[spring-tx-5.1.2.RELEASE.jar:5.1.2.RELEASE]
	at org.springframework.aop.framework.ReflectiveMethodInvocation.proceed(ReflectiveMethodInvocation.java:186) ~[spring-aop-5.1.2.RELEASE.jar:5.1.2.RELEASE]
	at org.springframework.aop.framework.CglibAopProxy$DynamicAdvisedInterceptor.intercept(CglibAopProxy.java:688) ~[spring-aop-5.1.2.RELEASE.jar:5.1.2.RELEASE]
	at org.stfc.repository.impl.UsersRepositoryImpl$$EnhancerBySpringCGLIB$$24e79308.onSearch(<generated>) ~[classes/:?]
	at org.stfc.controller.UsersController.searchUser(UsersController.java:237) [classes/:?]
	at sun.reflect.NativeMethodAccessorImpl.invoke0(Native Method) ~[?:1.8.0_121]
	at sun.reflect.NativeMethodAccessorImpl.invoke(NativeMethodAccessorImpl.java:62) ~[?:1.8.0_121]
	at sun.reflect.DelegatingMethodAccessorImpl.invoke(DelegatingMethodAccessorImpl.java:43) ~[?:1.8.0_121]
	at java.lang.reflect.Method.invoke(Method.java:498) ~[?:1.8.0_121]
	at org.springframework.web.method.support.InvocableHandlerMethod.doInvoke(InvocableHandlerMethod.java:215) [spring-web-5.1.2.RELEASE.jar:5.1.2.RELEASE]
	at org.springframework.web.method.support.InvocableHandlerMethod.invokeForRequest(InvocableHandlerMethod.java:142) [spring-web-5.1.2.RELEASE.jar:5.1.2.RELEASE]
	at org.springframework.web.servlet.mvc.method.annotation.ServletInvocableHandlerMethod.invokeAndHandle(ServletInvocableHandlerMethod.java:102) [spring-webmvc-5.1.2.RELEASE.jar:5.1.2.RELEASE]
	at org.springframework.web.servlet.mvc.method.annotation.RequestMappingHandlerAdapter.invokeHandlerMethod(RequestMappingHandlerAdapter.java:895) [spring-webmvc-5.1.2.RELEASE.jar:5.1.2.RELEASE]
	at org.springframework.web.servlet.mvc.method.annotation.RequestMappingHandlerAdapter.handleInternal(RequestMappingHandlerAdapter.java:800) [spring-webmvc-5.1.2.RELEASE.jar:5.1.2.RELEASE]
	at org.springframework.web.servlet.mvc.method.AbstractHandlerMethodAdapter.handle(AbstractHandlerMethodAdapter.java:87) [spring-webmvc-5.1.2.RELEASE.jar:5.1.2.RELEASE]
	at org.springframework.web.servlet.DispatcherServlet.doDispatch(DispatcherServlet.java:1038) [spring-webmvc-5.1.2.RELEASE.jar:5.1.2.RELEASE]
	at org.springframework.web.servlet.DispatcherServlet.doService(DispatcherServlet.java:942) [spring-webmvc-5.1.2.RELEASE.jar:5.1.2.RELEASE]
	at org.springframework.web.servlet.FrameworkServlet.processRequest(FrameworkServlet.java:998) [spring-webmvc-5.1.2.RELEASE.jar:5.1.2.RELEASE]
	at org.springframework.web.servlet.FrameworkServlet.doPost(FrameworkServlet.java:901) [spring-webmvc-5.1.2.RELEASE.jar:5.1.2.RELEASE]
	at javax.servlet.http.HttpServlet.service(HttpServlet.java:660) [tomcat-embed-core-9.0.12.jar:9.0.12]
	at org.springframework.web.servlet.FrameworkServlet.service(FrameworkServlet.java:875) [spring-webmvc-5.1.2.RELEASE.jar:5.1.2.RELEASE]
	at javax.servlet.http.HttpServlet.service(HttpServlet.java:741) [tomcat-embed-core-9.0.12.jar:9.0.12]
	at org.apache.catalina.core.ApplicationFilterChain.internalDoFilter(ApplicationFilterChain.java:231) [tomcat-embed-core-9.0.12.jar:9.0.12]
	at org.apache.catalina.core.ApplicationFilterChain.doFilter(ApplicationFilterChain.java:166) [tomcat-embed-core-9.0.12.jar:9.0.12]
	at org.apache.tomcat.websocket.server.WsFilter.doFilter(WsFilter.java:53) [tomcat-embed-websocket-9.0.12.jar:9.0.12]
	at org.apache.catalina.core.ApplicationFilterChain.internalDoFilter(ApplicationFilterChain.java:193) [tomcat-embed-core-9.0.12.jar:9.0.12]
	at org.apache.catalina.core.ApplicationFilterChain.doFilter(ApplicationFilterChain.java:166) [tomcat-embed-core-9.0.12.jar:9.0.12]
	at org.springframework.web.filter.RequestContextFilter.doFilterInternal(RequestContextFilter.java:99) [spring-web-5.1.2.RELEASE.jar:5.1.2.RELEASE]
	at org.springframework.web.filter.OncePerRequestFilter.doFilter(OncePerRequestFilter.java:107) [spring-web-5.1.2.RELEASE.jar:5.1.2.RELEASE]
	at org.apache.catalina.core.ApplicationFilterChain.internalDoFilter(ApplicationFilterChain.java:193) [tomcat-embed-core-9.0.12.jar:9.0.12]
	at org.apache.catalina.core.ApplicationFilterChain.doFilter(ApplicationFilterChain.java:166) [tomcat-embed-core-9.0.12.jar:9.0.12]
	at org.springframework.web.filter.FormContentFilter.doFilterInternal(FormContentFilter.java:92) [spring-web-5.1.2.RELEASE.jar:5.1.2.RELEASE]
	at org.springframework.web.filter.OncePerRequestFilter.doFilter(OncePerRequestFilter.java:107) [spring-web-5.1.2.RELEASE.jar:5.1.2.RELEASE]
	at org.apache.catalina.core.ApplicationFilterChain.internalDoFilter(ApplicationFilterChain.java:193) [tomcat-embed-core-9.0.12.jar:9.0.12]
	at org.apache.catalina.core.ApplicationFilterChain.doFilter(ApplicationFilterChain.java:166) [tomcat-embed-core-9.0.12.jar:9.0.12]
	at org.springframework.web.filter.HiddenHttpMethodFilter.doFilterInternal(HiddenHttpMethodFilter.java:93) [spring-web-5.1.2.RELEASE.jar:5.1.2.RELEASE]
	at org.springframework.web.filter.OncePerRequestFilter.doFilter(OncePerRequestFilter.java:107) [spring-web-5.1.2.RELEASE.jar:5.1.2.RELEASE]
	at org.apache.catalina.core.ApplicationFilterChain.internalDoFilter(ApplicationFilterChain.java:193) [tomcat-embed-core-9.0.12.jar:9.0.12]
	at org.apache.catalina.core.ApplicationFilterChain.doFilter(ApplicationFilterChain.java:166) [tomcat-embed-core-9.0.12.jar:9.0.12]
	at org.springframework.web.filter.CharacterEncodingFilter.doFilterInternal(CharacterEncodingFilter.java:200) [spring-web-5.1.2.RELEASE.jar:5.1.2.RELEASE]
	at org.springframework.web.filter.OncePerRequestFilter.doFilter(OncePerRequestFilter.java:107) [spring-web-5.1.2.RELEASE.jar:5.1.2.RELEASE]
	at org.apache.catalina.core.ApplicationFilterChain.internalDoFilter(ApplicationFilterChain.java:193) [tomcat-embed-core-9.0.12.jar:9.0.12]
	at org.apache.catalina.core.ApplicationFilterChain.doFilter(ApplicationFilterChain.java:166) [tomcat-embed-core-9.0.12.jar:9.0.12]
	at org.apache.catalina.core.StandardWrapperValve.invoke(StandardWrapperValve.java:199) [tomcat-embed-core-9.0.12.jar:9.0.12]
	at org.apache.catalina.core.StandardContextValve.invoke(StandardContextValve.java:96) [tomcat-embed-core-9.0.12.jar:9.0.12]
	at org.apache.catalina.authenticator.AuthenticatorBase.invoke(AuthenticatorBase.java:490) [tomcat-embed-core-9.0.12.jar:9.0.12]
	at org.apache.catalina.core.StandardHostValve.invoke(StandardHostValve.java:139) [tomcat-embed-core-9.0.12.jar:9.0.12]
	at org.apache.catalina.valves.ErrorReportValve.invoke(ErrorReportValve.java:92) [tomcat-embed-core-9.0.12.jar:9.0.12]
	at org.apache.catalina.core.StandardEngineValve.invoke(StandardEngineValve.java:74) [tomcat-embed-core-9.0.12.jar:9.0.12]
	at org.apache.catalina.connector.CoyoteAdapter.service(CoyoteAdapter.java:343) [tomcat-embed-core-9.0.12.jar:9.0.12]
	at org.apache.coyote.http11.Http11Processor.service(Http11Processor.java:408) [tomcat-embed-core-9.0.12.jar:9.0.12]
	at org.apache.coyote.AbstractProcessorLight.process(AbstractProcessorLight.java:66) [tomcat-embed-core-9.0.12.jar:9.0.12]
	at org.apache.coyote.AbstractProtocol$ConnectionHandler.process(AbstractProtocol.java:770) [tomcat-embed-core-9.0.12.jar:9.0.12]
	at org.apache.tomcat.util.net.NioEndpoint$SocketProcessor.doRun(NioEndpoint.java:1415) [tomcat-embed-core-9.0.12.jar:9.0.12]
	at org.apache.tomcat.util.net.SocketProcessorBase.run(SocketProcessorBase.java:49) [tomcat-embed-core-9.0.12.jar:9.0.12]
	at java.util.concurrent.ThreadPoolExecutor.runWorker(ThreadPoolExecutor.java:1142) [?:1.8.0_121]
	at java.util.concurrent.ThreadPoolExecutor$Worker.run(ThreadPoolExecutor.java:617) [?:1.8.0_121]
	at org.apache.tomcat.util.threads.TaskThread$WrappingRunnable.run(TaskThread.java:61) [tomcat-embed-core-9.0.12.jar:9.0.12]
	at java.lang.Thread.run(Thread.java:745) [?:1.8.0_121]
Caused by: org.hibernate.exception.SQLGrammarException: could not extract ResultSet
	at org.hibernate.exception.internal.SQLExceptionTypeDelegate.convert(SQLExceptionTypeDelegate.java:63) ~[hibernate-core-5.3.7.Final.jar:5.3.7.Final]
	at org.hibernate.exception.internal.StandardSQLExceptionConverter.convert(StandardSQLExceptionConverter.java:42) ~[hibernate-core-5.3.7.Final.jar:5.3.7.Final]
	at org.hibernate.engine.jdbc.spi.SqlExceptionHelper.convert(SqlExceptionHelper.java:113) ~[hibernate-core-5.3.7.Final.jar:5.3.7.Final]
	at org.hibernate.engine.jdbc.spi.SqlExceptionHelper.convert(SqlExceptionHelper.java:99) ~[hibernate-core-5.3.7.Final.jar:5.3.7.Final]
	at org.hibernate.engine.jdbc.internal.ResultSetReturnImpl.extract(ResultSetReturnImpl.java:69) ~[hibernate-core-5.3.7.Final.jar:5.3.7.Final]
	at org.hibernate.loader.Loader.getResultSet(Loader.java:2167) ~[hibernate-core-5.3.7.Final.jar:5.3.7.Final]
	at org.hibernate.loader.Loader.executeQueryStatement(Loader.java:1930) ~[hibernate-core-5.3.7.Final.jar:5.3.7.Final]
	at org.hibernate.loader.Loader.executeQueryStatement(Loader.java:1892) ~[hibernate-core-5.3.7.Final.jar:5.3.7.Final]
	at org.hibernate.loader.Loader.doQuery(Loader.java:937) ~[hibernate-core-5.3.7.Final.jar:5.3.7.Final]
	at org.hibernate.loader.Loader.doQueryAndInitializeNonLazyCollections(Loader.java:340) ~[hibernate-core-5.3.7.Final.jar:5.3.7.Final]
	at org.hibernate.loader.Loader.doList(Loader.java:2689) ~[hibernate-core-5.3.7.Final.jar:5.3.7.Final]
	at org.hibernate.loader.Loader.doList(Loader.java:2672) ~[hibernate-core-5.3.7.Final.jar:5.3.7.Final]
	at org.hibernate.loader.Loader.listIgnoreQueryCache(Loader.java:2506) ~[hibernate-core-5.3.7.Final.jar:5.3.7.Final]
	at org.hibernate.loader.Loader.list(Loader.java:2501) ~[hibernate-core-5.3.7.Final.jar:5.3.7.Final]
	at org.hibernate.loader.custom.CustomLoader.list(CustomLoader.java:338) ~[hibernate-core-5.3.7.Final.jar:5.3.7.Final]
	at org.hibernate.internal.SessionImpl.listCustomQuery(SessionImpl.java:2223) ~[hibernate-core-5.3.7.Final.jar:5.3.7.Final]
	at org.hibernate.internal.AbstractSharedSessionContract.list(AbstractSharedSessionContract.java:1053) ~[hibernate-core-5.3.7.Final.jar:5.3.7.Final]
	at org.hibernate.query.internal.NativeQueryImpl.doList(NativeQueryImpl.java:170) ~[hibernate-core-5.3.7.Final.jar:5.3.7.Final]
	at org.hibernate.query.internal.AbstractProducedQuery.list(AbstractProducedQuery.java:1505) ~[hibernate-core-5.3.7.Final.jar:5.3.7.Final]
	at org.hibernate.query.Query.getResultList(Query.java:135) ~[hibernate-core-5.3.7.Final.jar:5.3.7.Final]
	at org.stfc.repository.impl.UsersRepositoryImpl.onSearch(UsersRepositoryImpl.java:54) ~[classes/:?]
	at org.stfc.repository.impl.UsersRepositoryImpl$$FastClassBySpringCGLIB$$ffad96a2.invoke(<generated>) ~[classes/:?]
	at org.springframework.cglib.proxy.MethodProxy.invoke(MethodProxy.java:218) ~[spring-core-5.1.2.RELEASE.jar:5.1.2.RELEASE]
	at org.springframework.aop.framework.CglibAopProxy$CglibMethodInvocation.invokeJoinpoint(CglibAopProxy.java:746) ~[spring-aop-5.1.2.RELEASE.jar:5.1.2.RELEASE]
	at org.springframework.aop.framework.ReflectiveMethodInvocation.proceed(ReflectiveMethodInvocation.java:163) ~[spring-aop-5.1.2.RELEASE.jar:5.1.2.RELEASE]
	at org.springframework.dao.support.PersistenceExceptionTranslationInterceptor.invoke(PersistenceExceptionTranslationInterceptor.java:139) ~[spring-tx-5.1.2.RELEASE.jar:5.1.2.RELEASE]
	... 58 more
Caused by: java.sql.SQLSyntaxErrorException: Table 'user_management.user' doesn't exist
	at com.mysql.cj.jdbc.exceptions.SQLError.createSQLException(SQLError.java:120) ~[mysql-connector-java-8.0.13.jar:8.0.13]
	at com.mysql.cj.jdbc.exceptions.SQLError.createSQLException(SQLError.java:97) ~[mysql-connector-java-8.0.13.jar:8.0.13]
	at com.mysql.cj.jdbc.exceptions.SQLExceptionsMapping.translateException(SQLExceptionsMapping.java:122) ~[mysql-connector-java-8.0.13.jar:8.0.13]
	at com.mysql.cj.jdbc.ClientPreparedStatement.executeInternal(ClientPreparedStatement.java:974) ~[mysql-connector-java-8.0.13.jar:8.0.13]
	at com.mysql.cj.jdbc.ClientPreparedStatement.executeQuery(ClientPreparedStatement.java:1024) ~[mysql-connector-java-8.0.13.jar:8.0.13]
	at com.zaxxer.hikari.pool.ProxyPreparedStatement.executeQuery(ProxyPreparedStatement.java:52) ~[HikariCP-3.2.0.jar:?]
	at com.zaxxer.hikari.pool.HikariProxyPreparedStatement.executeQuery(HikariProxyPreparedStatement.java) ~[HikariCP-3.2.0.jar:?]
	at org.hibernate.engine.jdbc.internal.ResultSetReturnImpl.extract(ResultSetReturnImpl.java:60) ~[hibernate-core-5.3.7.Final.jar:5.3.7.Final]
	at org.hibernate.loader.Loader.getResultSet(Loader.java:2167) ~[hibernate-core-5.3.7.Final.jar:5.3.7.Final]
	at org.hibernate.loader.Loader.executeQueryStatement(Loader.java:1930) ~[hibernate-core-5.3.7.Final.jar:5.3.7.Final]
	at org.hibernate.loader.Loader.executeQueryStatement(Loader.java:1892) ~[hibernate-core-5.3.7.Final.jar:5.3.7.Final]
	at org.hibernate.loader.Loader.doQuery(Loader.java:937) ~[hibernate-core-5.3.7.Final.jar:5.3.7.Final]
	at org.hibernate.loader.Loader.doQueryAndInitializeNonLazyCollections(Loader.java:340) ~[hibernate-core-5.3.7.Final.jar:5.3.7.Final]
	at org.hibernate.loader.Loader.doList(Loader.java:2689) ~[hibernate-core-5.3.7.Final.jar:5.3.7.Final]
	at org.hibernate.loader.Loader.doList(Loader.java:2672) ~[hibernate-core-5.3.7.Final.jar:5.3.7.Final]
	at org.hibernate.loader.Loader.listIgnoreQueryCache(Loader.java:2506) ~[hibernate-core-5.3.7.Final.jar:5.3.7.Final]
	at org.hibernate.loader.Loader.list(Loader.java:2501) ~[hibernate-core-5.3.7.Final.jar:5.3.7.Final]
	at org.hibernate.loader.custom.CustomLoader.list(CustomLoader.java:338) ~[hibernate-core-5.3.7.Final.jar:5.3.7.Final]
	at org.hibernate.internal.SessionImpl.listCustomQuery(SessionImpl.java:2223) ~[hibernate-core-5.3.7.Final.jar:5.3.7.Final]
	at org.hibernate.internal.AbstractSharedSessionContract.list(AbstractSharedSessionContract.java:1053) ~[hibernate-core-5.3.7.Final.jar:5.3.7.Final]
	at org.hibernate.query.internal.NativeQueryImpl.doList(NativeQueryImpl.java:170) ~[hibernate-core-5.3.7.Final.jar:5.3.7.Final]
	at org.hibernate.query.internal.AbstractProducedQuery.list(AbstractProducedQuery.java:1505) ~[hibernate-core-5.3.7.Final.jar:5.3.7.Final]
	at org.hibernate.query.Query.getResultList(Query.java:135) ~[hibernate-core-5.3.7.Final.jar:5.3.7.Final]
	at org.stfc.repository.impl.UsersRepositoryImpl.onSearch(UsersRepositoryImpl.java:54) ~[classes/:?]
	at org.stfc.repository.impl.UsersRepositoryImpl$$FastClassBySpringCGLIB$$ffad96a2.invoke(<generated>) ~[classes/:?]
	at org.springframework.cglib.proxy.MethodProxy.invoke(MethodProxy.java:218) ~[spring-core-5.1.2.RELEASE.jar:5.1.2.RELEASE]
	at org.springframework.aop.framework.CglibAopProxy$CglibMethodInvocation.invokeJoinpoint(CglibAopProxy.java:746) ~[spring-aop-5.1.2.RELEASE.jar:5.1.2.RELEASE]
	at org.springframework.aop.framework.ReflectiveMethodInvocation.proceed(ReflectiveMethodInvocation.java:163) ~[spring-aop-5.1.2.RELEASE.jar:5.1.2.RELEASE]
	at org.springframework.dao.support.PersistenceExceptionTranslationInterceptor.invoke(PersistenceExceptionTranslationInterceptor.java:139) ~[spring-tx-5.1.2.RELEASE.jar:5.1.2.RELEASE]
	... 58 more
[INFO ] 2019-04-25 21:43:32.763 [restartedMain] org.stfc.StfcApplication: Starting StfcApplication on dmin-PC with PID 6628 (E:\DONG\STFC\qldt\SOURCE\authen\target\classes started by dmin in E:\DONG\STFC\qldt\SOURCE\authen)
[DEBUG] 2019-04-25 21:43:32.763 [restartedMain] org.stfc.StfcApplication: Running with Spring Boot v2.1.0.RELEASE, Spring v5.1.2.RELEASE
[INFO ] 2019-04-25 21:43:32.763 [restartedMain] org.stfc.StfcApplication: No active profile set, falling back to default profiles: default
[INFO ] 2019-04-25 21:43:33.336 [restartedMain] org.apache.coyote.http11.Http11NioProtocol: Initializing ProtocolHandler ["http-nio-8888"]
[INFO ] 2019-04-25 21:43:33.337 [restartedMain] org.apache.catalina.core.StandardService: Starting service [Tomcat]
[INFO ] 2019-04-25 21:43:33.337 [restartedMain] org.apache.catalina.core.StandardEngine: Starting Servlet Engine: Apache Tomcat/9.0.12
[INFO ] 2019-04-25 21:43:33.354 [restartedMain] org.apache.catalina.core.ContainerBase.[Tomcat].[localhost].[/]: Initializing Spring embedded WebApplicationContext
[WARN ] 2019-04-25 21:43:34.269 [restartedMain] org.springframework.boot.web.servlet.context.AnnotationConfigServletWebServerApplicationContext: Exception encountered during context initialization - cancelling refresh attempt: org.springframework.beans.factory.BeanCreationException: Error creating bean with name 'usersController' defined in file [E:\DONG\STFC\qldt\SOURCE\authen\target\classes\org\stfc\controller\UsersController.class]: Post-processing of merged bean definition failed; nested exception is java.lang.IllegalStateException: Failed to introspect Class [org.stfc.controller.UsersController] from ClassLoader [org.springframework.boot.devtools.restart.classloader.RestartClassLoader@7f58a2ae]
[INFO ] 2019-04-25 21:43:34.677 [restartedMain] org.apache.catalina.core.StandardService: Stopping service [Tomcat]
[ERROR] 2019-04-25 21:43:34.685 [restartedMain] org.springframework.boot.SpringApplication: Application run failed
org.springframework.beans.factory.BeanCreationException: Error creating bean with name 'usersController' defined in file [E:\DONG\STFC\qldt\SOURCE\authen\target\classes\org\stfc\controller\UsersController.class]: Post-processing of merged bean definition failed; nested exception is java.lang.IllegalStateException: Failed to introspect Class [org.stfc.controller.UsersController] from ClassLoader [org.springframework.boot.devtools.restart.classloader.RestartClassLoader@7f58a2ae]
	at org.springframework.beans.factory.support.AbstractAutowireCapableBeanFactory.doCreateBean(AbstractAutowireCapableBeanFactory.java:553) ~[spring-beans-5.1.2.RELEASE.jar:5.1.2.RELEASE]
	at org.springframework.beans.factory.support.AbstractAutowireCapableBeanFactory.createBean(AbstractAutowireCapableBeanFactory.java:498) ~[spring-beans-5.1.2.RELEASE.jar:5.1.2.RELEASE]
	at org.springframework.beans.factory.support.AbstractBeanFactory.lambda$doGetBean$0(AbstractBeanFactory.java:320) ~[spring-beans-5.1.2.RELEASE.jar:5.1.2.RELEASE]
	at org.springframework.beans.factory.support.DefaultSingletonBeanRegistry.getSingleton(DefaultSingletonBeanRegistry.java:222) ~[spring-beans-5.1.2.RELEASE.jar:5.1.2.RELEASE]
	at org.springframework.beans.factory.support.AbstractBeanFactory.doGetBean(AbstractBeanFactory.java:318) ~[spring-beans-5.1.2.RELEASE.jar:5.1.2.RELEASE]
	at org.springframework.beans.factory.support.AbstractBeanFactory.getBean(AbstractBeanFactory.java:199) ~[spring-beans-5.1.2.RELEASE.jar:5.1.2.RELEASE]
	at org.springframework.beans.factory.support.DefaultListableBeanFactory.preInstantiateSingletons(DefaultListableBeanFactory.java:846) ~[spring-beans-5.1.2.RELEASE.jar:5.1.2.RELEASE]
	at org.springframework.context.support.AbstractApplicationContext.finishBeanFactoryInitialization(AbstractApplicationContext.java:863) ~[spring-context-5.1.2.RELEASE.jar:5.1.2.RELEASE]
	at org.springframework.context.support.AbstractApplicationContext.refresh(AbstractApplicationContext.java:546) ~[spring-context-5.1.2.RELEASE.jar:5.1.2.RELEASE]
	at org.springframework.boot.web.servlet.context.ServletWebServerApplicationContext.refresh(ServletWebServerApplicationContext.java:140) ~[spring-boot-2.1.0.RELEASE.jar:2.1.0.RELEASE]
	at org.springframework.boot.SpringApplication.refresh(SpringApplication.java:775) [spring-boot-2.1.0.RELEASE.jar:2.1.0.RELEASE]
	at org.springframework.boot.SpringApplication.refreshContext(SpringApplication.java:397) [spring-boot-2.1.0.RELEASE.jar:2.1.0.RELEASE]
	at org.springframework.boot.SpringApplication.run(SpringApplication.java:316) [spring-boot-2.1.0.RELEASE.jar:2.1.0.RELEASE]
	at org.springframework.boot.SpringApplication.run(SpringApplication.java:1260) [spring-boot-2.1.0.RELEASE.jar:2.1.0.RELEASE]
	at org.springframework.boot.SpringApplication.run(SpringApplication.java:1248) [spring-boot-2.1.0.RELEASE.jar:2.1.0.RELEASE]
	at org.stfc.StfcApplication.main(StfcApplication.java:16) [classes/:?]
	at sun.reflect.NativeMethodAccessorImpl.invoke0(Native Method) ~[?:1.8.0_121]
	at sun.reflect.NativeMethodAccessorImpl.invoke(NativeMethodAccessorImpl.java:62) ~[?:1.8.0_121]
	at sun.reflect.DelegatingMethodAccessorImpl.invoke(DelegatingMethodAccessorImpl.java:43) ~[?:1.8.0_121]
	at java.lang.reflect.Method.invoke(Method.java:498) ~[?:1.8.0_121]
	at org.springframework.boot.devtools.restart.RestartLauncher.run(RestartLauncher.java:49) [spring-boot-devtools-2.1.0.RELEASE.jar:2.1.0.RELEASE]
Caused by: java.lang.IllegalStateException: Failed to introspect Class [org.stfc.controller.UsersController] from ClassLoader [org.springframework.boot.devtools.restart.classloader.RestartClassLoader@7f58a2ae]
	at org.springframework.util.ReflectionUtils.getDeclaredFields(ReflectionUtils.java:779) ~[spring-core-5.1.2.RELEASE.jar:5.1.2.RELEASE]
	at org.springframework.util.ReflectionUtils.doWithLocalFields(ReflectionUtils.java:711) ~[spring-core-5.1.2.RELEASE.jar:5.1.2.RELEASE]
	at org.springframework.orm.jpa.support.PersistenceAnnotationBeanPostProcessor.buildPersistenceMetadata(PersistenceAnnotationBeanPostProcessor.java:422) ~[spring-orm-5.1.2.RELEASE.jar:5.1.2.RELEASE]
	at org.springframework.orm.jpa.support.PersistenceAnnotationBeanPostProcessor.findPersistenceMetadata(PersistenceAnnotationBeanPostProcessor.java:406) ~[spring-orm-5.1.2.RELEASE.jar:5.1.2.RELEASE]
	at org.springframework.orm.jpa.support.PersistenceAnnotationBeanPostProcessor.postProcessMergedBeanDefinition(PersistenceAnnotationBeanPostProcessor.java:333) ~[spring-orm-5.1.2.RELEASE.jar:5.1.2.RELEASE]
	at org.springframework.beans.factory.support.AbstractAutowireCapableBeanFactory.applyMergedBeanDefinitionPostProcessors(AbstractAutowireCapableBeanFactory.java:1044) ~[spring-beans-5.1.2.RELEASE.jar:5.1.2.RELEASE]
	at org.springframework.beans.factory.support.AbstractAutowireCapableBeanFactory.doCreateBean(AbstractAutowireCapableBeanFactory.java:550) ~[spring-beans-5.1.2.RELEASE.jar:5.1.2.RELEASE]
	... 20 more
Caused by: java.lang.NoClassDefFoundError: Lorg/stfc/repository/impl/UsersRepositoryImpl;
	at java.lang.Class.getDeclaredFields0(Native Method) ~[?:1.8.0_121]
	at java.lang.Class.privateGetDeclaredFields(Class.java:2583) ~[?:1.8.0_121]
	at java.lang.Class.getDeclaredFields(Class.java:1916) ~[?:1.8.0_121]
	at org.springframework.util.ReflectionUtils.getDeclaredFields(ReflectionUtils.java:774) ~[spring-core-5.1.2.RELEASE.jar:5.1.2.RELEASE]
	at org.springframework.util.ReflectionUtils.doWithLocalFields(ReflectionUtils.java:711) ~[spring-core-5.1.2.RELEASE.jar:5.1.2.RELEASE]
	at org.springframework.orm.jpa.support.PersistenceAnnotationBeanPostProcessor.buildPersistenceMetadata(PersistenceAnnotationBeanPostProcessor.java:422) ~[spring-orm-5.1.2.RELEASE.jar:5.1.2.RELEASE]
	at org.springframework.orm.jpa.support.PersistenceAnnotationBeanPostProcessor.findPersistenceMetadata(PersistenceAnnotationBeanPostProcessor.java:406) ~[spring-orm-5.1.2.RELEASE.jar:5.1.2.RELEASE]
	at org.springframework.orm.jpa.support.PersistenceAnnotationBeanPostProcessor.postProcessMergedBeanDefinition(PersistenceAnnotationBeanPostProcessor.java:333) ~[spring-orm-5.1.2.RELEASE.jar:5.1.2.RELEASE]
	at org.springframework.beans.factory.support.AbstractAutowireCapableBeanFactory.applyMergedBeanDefinitionPostProcessors(AbstractAutowireCapableBeanFactory.java:1044) ~[spring-beans-5.1.2.RELEASE.jar:5.1.2.RELEASE]
	at org.springframework.beans.factory.support.AbstractAutowireCapableBeanFactory.doCreateBean(AbstractAutowireCapableBeanFactory.java:550) ~[spring-beans-5.1.2.RELEASE.jar:5.1.2.RELEASE]
	... 20 more
Caused by: java.lang.ClassNotFoundException: org.stfc.repository.impl.UsersRepositoryImpl
	at java.net.URLClassLoader.findClass(URLClassLoader.java:381) ~[?:1.8.0_121]
	at java.lang.ClassLoader.loadClass(ClassLoader.java:424) ~[?:1.8.0_121]
	at sun.misc.Launcher$AppClassLoader.loadClass(Launcher.java:331) ~[?:1.8.0_121]
	at java.lang.ClassLoader.loadClass(ClassLoader.java:357) ~[?:1.8.0_121]
	at org.springframework.boot.devtools.restart.classloader.RestartClassLoader.loadClass(RestartClassLoader.java:148) ~[spring-boot-devtools-2.1.0.RELEASE.jar:2.1.0.RELEASE]
	at java.lang.ClassLoader.loadClass(ClassLoader.java:357) ~[?:1.8.0_121]
	at java.lang.Class.getDeclaredFields0(Native Method) ~[?:1.8.0_121]
	at java.lang.Class.privateGetDeclaredFields(Class.java:2583) ~[?:1.8.0_121]
	at java.lang.Class.getDeclaredFields(Class.java:1916) ~[?:1.8.0_121]
	at org.springframework.util.ReflectionUtils.getDeclaredFields(ReflectionUtils.java:774) ~[spring-core-5.1.2.RELEASE.jar:5.1.2.RELEASE]
	at org.springframework.util.ReflectionUtils.doWithLocalFields(ReflectionUtils.java:711) ~[spring-core-5.1.2.RELEASE.jar:5.1.2.RELEASE]
	at org.springframework.orm.jpa.support.PersistenceAnnotationBeanPostProcessor.buildPersistenceMetadata(PersistenceAnnotationBeanPostProcessor.java:422) ~[spring-orm-5.1.2.RELEASE.jar:5.1.2.RELEASE]
	at org.springframework.orm.jpa.support.PersistenceAnnotationBeanPostProcessor.findPersistenceMetadata(PersistenceAnnotationBeanPostProcessor.java:406) ~[spring-orm-5.1.2.RELEASE.jar:5.1.2.RELEASE]
	at org.springframework.orm.jpa.support.PersistenceAnnotationBeanPostProcessor.postProcessMergedBeanDefinition(PersistenceAnnotationBeanPostProcessor.java:333) ~[spring-orm-5.1.2.RELEASE.jar:5.1.2.RELEASE]
	at org.springframework.beans.factory.support.AbstractAutowireCapableBeanFactory.applyMergedBeanDefinitionPostProcessors(AbstractAutowireCapableBeanFactory.java:1044) ~[spring-beans-5.1.2.RELEASE.jar:5.1.2.RELEASE]
	at org.springframework.beans.factory.support.AbstractAutowireCapableBeanFactory.doCreateBean(AbstractAutowireCapableBeanFactory.java:550) ~[spring-beans-5.1.2.RELEASE.jar:5.1.2.RELEASE]
	... 20 more
[INFO ] 2019-04-25 21:44:15.130 [restartedMain] org.stfc.StfcApplication: Starting StfcApplication on dmin-PC with PID 6532 (E:\DONG\STFC\qldt\SOURCE\authen\target\classes started by dmin in E:\DONG\STFC\qldt\SOURCE\authen)
[DEBUG] 2019-04-25 21:44:15.136 [restartedMain] org.stfc.StfcApplication: Running with Spring Boot v2.1.0.RELEASE, Spring v5.1.2.RELEASE
[INFO ] 2019-04-25 21:44:15.137 [restartedMain] org.stfc.StfcApplication: No active profile set, falling back to default profiles: default
[INFO ] 2019-04-25 21:44:17.535 [restartedMain] org.apache.coyote.http11.Http11NioProtocol: Initializing ProtocolHandler ["http-nio-8888"]
[INFO ] 2019-04-25 21:44:17.544 [restartedMain] org.apache.catalina.core.StandardService: Starting service [Tomcat]
[INFO ] 2019-04-25 21:44:17.544 [restartedMain] org.apache.catalina.core.StandardEngine: Starting Servlet Engine: Apache Tomcat/9.0.12
[INFO ] 2019-04-25 21:44:17.557 [restartedMain] org.apache.catalina.core.AprLifecycleListener: The APR based Apache Tomcat Native library which allows optimal performance in production environments was not found on the java.library.path: [C:\Program Files\Java\jdk1.8.0_121\bin;C:\Windows\Sun\Java\bin;C:\Windows\system32;C:\Windows;C:\ProgramData\Oracle\Java\javapath;C:\Windows\system32;C:\Windows;C:\Windows\System32\Wbem;C:\Windows\System32\WindowsPowerShell\v1.0\;C:\Program Files\Java\jdk1.8.0_121\bin;C:\Program Files\nodejs\;C:\Program Files\Git\cmd;C:\Program Files\TortoiseGit\bin;C:\Users\dmin\AppData\Local\GitHubDesktop\bin;C:\Users\dmin\AppData\Roaming\npm;.]
[INFO ] 2019-04-25 21:44:17.667 [restartedMain] org.apache.catalina.core.ContainerBase.[Tomcat].[localhost].[/]: Initializing Spring embedded WebApplicationContext
[WARN ] 2019-04-25 21:44:21.769 [restartedMain] org.springframework.boot.autoconfigure.orm.jpa.JpaBaseConfiguration$JpaWebConfiguration$JpaWebMvcConfiguration: spring.jpa.open-in-view is enabled by default. Therefore, database queries may be performed during view rendering. Explicitly configure spring.jpa.open-in-view to disable this warning
[INFO ] 2019-04-25 21:44:22.542 [restartedMain] org.apache.coyote.http11.Http11NioProtocol: Starting ProtocolHandler ["http-nio-8888"]
[INFO ] 2019-04-25 21:44:22.552 [restartedMain] org.apache.tomcat.util.net.NioSelectorPool: Using a shared selector for servlet write/read
[INFO ] 2019-04-25 21:44:22.570 [restartedMain] org.stfc.StfcApplication: Started StfcApplication in 7.757 seconds (JVM running for 9.027)
[INFO ] 2019-04-25 21:44:28.025 [http-nio-8888-exec-1] org.apache.catalina.core.ContainerBase.[Tomcat].[localhost].[/]: Initializing Spring DispatcherServlet 'dispatcherServlet'
[DEBUG] 2019-04-25 21:44:28.133 [http-nio-8888-exec-1] org.stfc.controller.UsersController: Body request: null
[DEBUG] 2019-04-25 21:45:05.397 [http-nio-8888-exec-2] org.stfc.controller.UsersController: Body request: {"keySearch":"abc"}
[WARN ] 2019-04-25 21:45:08.867 [http-nio-8888-exec-2] org.hibernate.engine.jdbc.spi.SqlExceptionHelper: SQL Error: 1064, SQLState: 42000
[ERROR] 2019-04-25 21:45:08.867 [http-nio-8888-exec-2] org.hibernate.engine.jdbc.spi.SqlExceptionHelper: You have an error in your SQL syntax; check the manual that corresponds to your MySQL server version for the right syntax to use near 'MATCH (s.user_name, s.full_name, s.email, s.description) AGAINST ('abc')' at line 1
[ERROR] 2019-04-25 21:45:08.871 [http-nio-8888-exec-2] org.stfc.controller.UsersController: could not extract ResultSet; SQL [n/a]; nested exception is org.hibernate.exception.SQLGrammarException: could not extract ResultSet
org.springframework.dao.InvalidDataAccessResourceUsageException: could not extract ResultSet; SQL [n/a]; nested exception is org.hibernate.exception.SQLGrammarException: could not extract ResultSet
	at org.springframework.orm.jpa.vendor.HibernateJpaDialect.convertHibernateAccessException(HibernateJpaDialect.java:279) ~[spring-orm-5.1.2.RELEASE.jar:5.1.2.RELEASE]
	at org.springframework.orm.jpa.vendor.HibernateJpaDialect.translateExceptionIfPossible(HibernateJpaDialect.java:253) ~[spring-orm-5.1.2.RELEASE.jar:5.1.2.RELEASE]
	at org.springframework.orm.jpa.AbstractEntityManagerFactoryBean.translateExceptionIfPossible(AbstractEntityManagerFactoryBean.java:527) ~[spring-orm-5.1.2.RELEASE.jar:5.1.2.RELEASE]
	at org.springframework.dao.support.ChainedPersistenceExceptionTranslator.translateExceptionIfPossible(ChainedPersistenceExceptionTranslator.java:61) ~[spring-tx-5.1.2.RELEASE.jar:5.1.2.RELEASE]
	at org.springframework.dao.support.DataAccessUtils.translateIfNecessary(DataAccessUtils.java:242) ~[spring-tx-5.1.2.RELEASE.jar:5.1.2.RELEASE]
	at org.springframework.dao.support.PersistenceExceptionTranslationInterceptor.invoke(PersistenceExceptionTranslationInterceptor.java:153) ~[spring-tx-5.1.2.RELEASE.jar:5.1.2.RELEASE]
	at org.springframework.aop.framework.ReflectiveMethodInvocation.proceed(ReflectiveMethodInvocation.java:186) ~[spring-aop-5.1.2.RELEASE.jar:5.1.2.RELEASE]
	at org.springframework.aop.framework.CglibAopProxy$DynamicAdvisedInterceptor.intercept(CglibAopProxy.java:688) ~[spring-aop-5.1.2.RELEASE.jar:5.1.2.RELEASE]
	at org.stfc.repository.impl.UsersRepositoryImpl$$EnhancerBySpringCGLIB$$3116eb69.onSearch(<generated>) ~[classes/:?]
	at org.stfc.controller.UsersController.searchUser(UsersController.java:237) [classes/:?]
	at sun.reflect.NativeMethodAccessorImpl.invoke0(Native Method) ~[?:1.8.0_121]
	at sun.reflect.NativeMethodAccessorImpl.invoke(NativeMethodAccessorImpl.java:62) ~[?:1.8.0_121]
	at sun.reflect.DelegatingMethodAccessorImpl.invoke(DelegatingMethodAccessorImpl.java:43) ~[?:1.8.0_121]
	at java.lang.reflect.Method.invoke(Method.java:498) ~[?:1.8.0_121]
	at org.springframework.web.method.support.InvocableHandlerMethod.doInvoke(InvocableHandlerMethod.java:215) [spring-web-5.1.2.RELEASE.jar:5.1.2.RELEASE]
	at org.springframework.web.method.support.InvocableHandlerMethod.invokeForRequest(InvocableHandlerMethod.java:142) [spring-web-5.1.2.RELEASE.jar:5.1.2.RELEASE]
	at org.springframework.web.servlet.mvc.method.annotation.ServletInvocableHandlerMethod.invokeAndHandle(ServletInvocableHandlerMethod.java:102) [spring-webmvc-5.1.2.RELEASE.jar:5.1.2.RELEASE]
	at org.springframework.web.servlet.mvc.method.annotation.RequestMappingHandlerAdapter.invokeHandlerMethod(RequestMappingHandlerAdapter.java:895) [spring-webmvc-5.1.2.RELEASE.jar:5.1.2.RELEASE]
	at org.springframework.web.servlet.mvc.method.annotation.RequestMappingHandlerAdapter.handleInternal(RequestMappingHandlerAdapter.java:800) [spring-webmvc-5.1.2.RELEASE.jar:5.1.2.RELEASE]
	at org.springframework.web.servlet.mvc.method.AbstractHandlerMethodAdapter.handle(AbstractHandlerMethodAdapter.java:87) [spring-webmvc-5.1.2.RELEASE.jar:5.1.2.RELEASE]
	at org.springframework.web.servlet.DispatcherServlet.doDispatch(DispatcherServlet.java:1038) [spring-webmvc-5.1.2.RELEASE.jar:5.1.2.RELEASE]
	at org.springframework.web.servlet.DispatcherServlet.doService(DispatcherServlet.java:942) [spring-webmvc-5.1.2.RELEASE.jar:5.1.2.RELEASE]
	at org.springframework.web.servlet.FrameworkServlet.processRequest(FrameworkServlet.java:998) [spring-webmvc-5.1.2.RELEASE.jar:5.1.2.RELEASE]
	at org.springframework.web.servlet.FrameworkServlet.doPost(FrameworkServlet.java:901) [spring-webmvc-5.1.2.RELEASE.jar:5.1.2.RELEASE]
	at javax.servlet.http.HttpServlet.service(HttpServlet.java:660) [tomcat-embed-core-9.0.12.jar:9.0.12]
	at org.springframework.web.servlet.FrameworkServlet.service(FrameworkServlet.java:875) [spring-webmvc-5.1.2.RELEASE.jar:5.1.2.RELEASE]
	at javax.servlet.http.HttpServlet.service(HttpServlet.java:741) [tomcat-embed-core-9.0.12.jar:9.0.12]
	at org.apache.catalina.core.ApplicationFilterChain.internalDoFilter(ApplicationFilterChain.java:231) [tomcat-embed-core-9.0.12.jar:9.0.12]
	at org.apache.catalina.core.ApplicationFilterChain.doFilter(ApplicationFilterChain.java:166) [tomcat-embed-core-9.0.12.jar:9.0.12]
	at org.apache.tomcat.websocket.server.WsFilter.doFilter(WsFilter.java:53) [tomcat-embed-websocket-9.0.12.jar:9.0.12]
	at org.apache.catalina.core.ApplicationFilterChain.internalDoFilter(ApplicationFilterChain.java:193) [tomcat-embed-core-9.0.12.jar:9.0.12]
	at org.apache.catalina.core.ApplicationFilterChain.doFilter(ApplicationFilterChain.java:166) [tomcat-embed-core-9.0.12.jar:9.0.12]
	at org.springframework.web.filter.RequestContextFilter.doFilterInternal(RequestContextFilter.java:99) [spring-web-5.1.2.RELEASE.jar:5.1.2.RELEASE]
	at org.springframework.web.filter.OncePerRequestFilter.doFilter(OncePerRequestFilter.java:107) [spring-web-5.1.2.RELEASE.jar:5.1.2.RELEASE]
	at org.apache.catalina.core.ApplicationFilterChain.internalDoFilter(ApplicationFilterChain.java:193) [tomcat-embed-core-9.0.12.jar:9.0.12]
	at org.apache.catalina.core.ApplicationFilterChain.doFilter(ApplicationFilterChain.java:166) [tomcat-embed-core-9.0.12.jar:9.0.12]
	at org.springframework.web.filter.FormContentFilter.doFilterInternal(FormContentFilter.java:92) [spring-web-5.1.2.RELEASE.jar:5.1.2.RELEASE]
	at org.springframework.web.filter.OncePerRequestFilter.doFilter(OncePerRequestFilter.java:107) [spring-web-5.1.2.RELEASE.jar:5.1.2.RELEASE]
	at org.apache.catalina.core.ApplicationFilterChain.internalDoFilter(ApplicationFilterChain.java:193) [tomcat-embed-core-9.0.12.jar:9.0.12]
	at org.apache.catalina.core.ApplicationFilterChain.doFilter(ApplicationFilterChain.java:166) [tomcat-embed-core-9.0.12.jar:9.0.12]
	at org.springframework.web.filter.HiddenHttpMethodFilter.doFilterInternal(HiddenHttpMethodFilter.java:93) [spring-web-5.1.2.RELEASE.jar:5.1.2.RELEASE]
	at org.springframework.web.filter.OncePerRequestFilter.doFilter(OncePerRequestFilter.java:107) [spring-web-5.1.2.RELEASE.jar:5.1.2.RELEASE]
	at org.apache.catalina.core.ApplicationFilterChain.internalDoFilter(ApplicationFilterChain.java:193) [tomcat-embed-core-9.0.12.jar:9.0.12]
	at org.apache.catalina.core.ApplicationFilterChain.doFilter(ApplicationFilterChain.java:166) [tomcat-embed-core-9.0.12.jar:9.0.12]
	at org.springframework.web.filter.CharacterEncodingFilter.doFilterInternal(CharacterEncodingFilter.java:200) [spring-web-5.1.2.RELEASE.jar:5.1.2.RELEASE]
	at org.springframework.web.filter.OncePerRequestFilter.doFilter(OncePerRequestFilter.java:107) [spring-web-5.1.2.RELEASE.jar:5.1.2.RELEASE]
	at org.apache.catalina.core.ApplicationFilterChain.internalDoFilter(ApplicationFilterChain.java:193) [tomcat-embed-core-9.0.12.jar:9.0.12]
	at org.apache.catalina.core.ApplicationFilterChain.doFilter(ApplicationFilterChain.java:166) [tomcat-embed-core-9.0.12.jar:9.0.12]
	at org.apache.catalina.core.StandardWrapperValve.invoke(StandardWrapperValve.java:199) [tomcat-embed-core-9.0.12.jar:9.0.12]
	at org.apache.catalina.core.StandardContextValve.invoke(StandardContextValve.java:96) [tomcat-embed-core-9.0.12.jar:9.0.12]
	at org.apache.catalina.authenticator.AuthenticatorBase.invoke(AuthenticatorBase.java:490) [tomcat-embed-core-9.0.12.jar:9.0.12]
	at org.apache.catalina.core.StandardHostValve.invoke(StandardHostValve.java:139) [tomcat-embed-core-9.0.12.jar:9.0.12]
	at org.apache.catalina.valves.ErrorReportValve.invoke(ErrorReportValve.java:92) [tomcat-embed-core-9.0.12.jar:9.0.12]
	at org.apache.catalina.core.StandardEngineValve.invoke(StandardEngineValve.java:74) [tomcat-embed-core-9.0.12.jar:9.0.12]
	at org.apache.catalina.connector.CoyoteAdapter.service(CoyoteAdapter.java:343) [tomcat-embed-core-9.0.12.jar:9.0.12]
	at org.apache.coyote.http11.Http11Processor.service(Http11Processor.java:408) [tomcat-embed-core-9.0.12.jar:9.0.12]
	at org.apache.coyote.AbstractProcessorLight.process(AbstractProcessorLight.java:66) [tomcat-embed-core-9.0.12.jar:9.0.12]
	at org.apache.coyote.AbstractProtocol$ConnectionHandler.process(AbstractProtocol.java:770) [tomcat-embed-core-9.0.12.jar:9.0.12]
	at org.apache.tomcat.util.net.NioEndpoint$SocketProcessor.doRun(NioEndpoint.java:1415) [tomcat-embed-core-9.0.12.jar:9.0.12]
	at org.apache.tomcat.util.net.SocketProcessorBase.run(SocketProcessorBase.java:49) [tomcat-embed-core-9.0.12.jar:9.0.12]
	at java.util.concurrent.ThreadPoolExecutor.runWorker(ThreadPoolExecutor.java:1142) [?:1.8.0_121]
	at java.util.concurrent.ThreadPoolExecutor$Worker.run(ThreadPoolExecutor.java:617) [?:1.8.0_121]
	at org.apache.tomcat.util.threads.TaskThread$WrappingRunnable.run(TaskThread.java:61) [tomcat-embed-core-9.0.12.jar:9.0.12]
	at java.lang.Thread.run(Thread.java:745) [?:1.8.0_121]
Caused by: org.hibernate.exception.SQLGrammarException: could not extract ResultSet
	at org.hibernate.exception.internal.SQLExceptionTypeDelegate.convert(SQLExceptionTypeDelegate.java:63) ~[hibernate-core-5.3.7.Final.jar:5.3.7.Final]
	at org.hibernate.exception.internal.StandardSQLExceptionConverter.convert(StandardSQLExceptionConverter.java:42) ~[hibernate-core-5.3.7.Final.jar:5.3.7.Final]
	at org.hibernate.engine.jdbc.spi.SqlExceptionHelper.convert(SqlExceptionHelper.java:113) ~[hibernate-core-5.3.7.Final.jar:5.3.7.Final]
	at org.hibernate.engine.jdbc.spi.SqlExceptionHelper.convert(SqlExceptionHelper.java:99) ~[hibernate-core-5.3.7.Final.jar:5.3.7.Final]
	at org.hibernate.engine.jdbc.internal.ResultSetReturnImpl.extract(ResultSetReturnImpl.java:69) ~[hibernate-core-5.3.7.Final.jar:5.3.7.Final]
	at org.hibernate.loader.Loader.getResultSet(Loader.java:2167) ~[hibernate-core-5.3.7.Final.jar:5.3.7.Final]
	at org.hibernate.loader.Loader.executeQueryStatement(Loader.java:1930) ~[hibernate-core-5.3.7.Final.jar:5.3.7.Final]
	at org.hibernate.loader.Loader.executeQueryStatement(Loader.java:1892) ~[hibernate-core-5.3.7.Final.jar:5.3.7.Final]
	at org.hibernate.loader.Loader.doQuery(Loader.java:937) ~[hibernate-core-5.3.7.Final.jar:5.3.7.Final]
	at org.hibernate.loader.Loader.doQueryAndInitializeNonLazyCollections(Loader.java:340) ~[hibernate-core-5.3.7.Final.jar:5.3.7.Final]
	at org.hibernate.loader.Loader.doList(Loader.java:2689) ~[hibernate-core-5.3.7.Final.jar:5.3.7.Final]
	at org.hibernate.loader.Loader.doList(Loader.java:2672) ~[hibernate-core-5.3.7.Final.jar:5.3.7.Final]
	at org.hibernate.loader.Loader.listIgnoreQueryCache(Loader.java:2506) ~[hibernate-core-5.3.7.Final.jar:5.3.7.Final]
	at org.hibernate.loader.Loader.list(Loader.java:2501) ~[hibernate-core-5.3.7.Final.jar:5.3.7.Final]
	at org.hibernate.loader.custom.CustomLoader.list(CustomLoader.java:338) ~[hibernate-core-5.3.7.Final.jar:5.3.7.Final]
	at org.hibernate.internal.SessionImpl.listCustomQuery(SessionImpl.java:2223) ~[hibernate-core-5.3.7.Final.jar:5.3.7.Final]
	at org.hibernate.internal.AbstractSharedSessionContract.list(AbstractSharedSessionContract.java:1053) ~[hibernate-core-5.3.7.Final.jar:5.3.7.Final]
	at org.hibernate.query.internal.NativeQueryImpl.doList(NativeQueryImpl.java:170) ~[hibernate-core-5.3.7.Final.jar:5.3.7.Final]
	at org.hibernate.query.internal.AbstractProducedQuery.list(AbstractProducedQuery.java:1505) ~[hibernate-core-5.3.7.Final.jar:5.3.7.Final]
	at org.hibernate.query.Query.getResultList(Query.java:135) ~[hibernate-core-5.3.7.Final.jar:5.3.7.Final]
	at org.stfc.repository.impl.UsersRepositoryImpl.onSearch(UsersRepositoryImpl.java:54) ~[classes/:?]
	at org.stfc.repository.impl.UsersRepositoryImpl$$FastClassBySpringCGLIB$$ffad96a2.invoke(<generated>) ~[classes/:?]
	at org.springframework.cglib.proxy.MethodProxy.invoke(MethodProxy.java:218) ~[spring-core-5.1.2.RELEASE.jar:5.1.2.RELEASE]
	at org.springframework.aop.framework.CglibAopProxy$CglibMethodInvocation.invokeJoinpoint(CglibAopProxy.java:746) ~[spring-aop-5.1.2.RELEASE.jar:5.1.2.RELEASE]
	at org.springframework.aop.framework.ReflectiveMethodInvocation.proceed(ReflectiveMethodInvocation.java:163) ~[spring-aop-5.1.2.RELEASE.jar:5.1.2.RELEASE]
	at org.springframework.dao.support.PersistenceExceptionTranslationInterceptor.invoke(PersistenceExceptionTranslationInterceptor.java:139) ~[spring-tx-5.1.2.RELEASE.jar:5.1.2.RELEASE]
	... 58 more
Caused by: java.sql.SQLSyntaxErrorException: You have an error in your SQL syntax; check the manual that corresponds to your MySQL server version for the right syntax to use near 'MATCH (s.user_name, s.full_name, s.email, s.description) AGAINST ('abc')' at line 1
	at com.mysql.cj.jdbc.exceptions.SQLError.createSQLException(SQLError.java:120) ~[mysql-connector-java-8.0.13.jar:8.0.13]
	at com.mysql.cj.jdbc.exceptions.SQLError.createSQLException(SQLError.java:97) ~[mysql-connector-java-8.0.13.jar:8.0.13]
	at com.mysql.cj.jdbc.exceptions.SQLExceptionsMapping.translateException(SQLExceptionsMapping.java:122) ~[mysql-connector-java-8.0.13.jar:8.0.13]
	at com.mysql.cj.jdbc.ClientPreparedStatement.executeInternal(ClientPreparedStatement.java:974) ~[mysql-connector-java-8.0.13.jar:8.0.13]
	at com.mysql.cj.jdbc.ClientPreparedStatement.executeQuery(ClientPreparedStatement.java:1024) ~[mysql-connector-java-8.0.13.jar:8.0.13]
	at com.zaxxer.hikari.pool.ProxyPreparedStatement.executeQuery(ProxyPreparedStatement.java:52) ~[HikariCP-3.2.0.jar:?]
	at com.zaxxer.hikari.pool.HikariProxyPreparedStatement.executeQuery(HikariProxyPreparedStatement.java) ~[HikariCP-3.2.0.jar:?]
	at org.hibernate.engine.jdbc.internal.ResultSetReturnImpl.extract(ResultSetReturnImpl.java:60) ~[hibernate-core-5.3.7.Final.jar:5.3.7.Final]
	at org.hibernate.loader.Loader.getResultSet(Loader.java:2167) ~[hibernate-core-5.3.7.Final.jar:5.3.7.Final]
	at org.hibernate.loader.Loader.executeQueryStatement(Loader.java:1930) ~[hibernate-core-5.3.7.Final.jar:5.3.7.Final]
	at org.hibernate.loader.Loader.executeQueryStatement(Loader.java:1892) ~[hibernate-core-5.3.7.Final.jar:5.3.7.Final]
	at org.hibernate.loader.Loader.doQuery(Loader.java:937) ~[hibernate-core-5.3.7.Final.jar:5.3.7.Final]
	at org.hibernate.loader.Loader.doQueryAndInitializeNonLazyCollections(Loader.java:340) ~[hibernate-core-5.3.7.Final.jar:5.3.7.Final]
	at org.hibernate.loader.Loader.doList(Loader.java:2689) ~[hibernate-core-5.3.7.Final.jar:5.3.7.Final]
	at org.hibernate.loader.Loader.doList(Loader.java:2672) ~[hibernate-core-5.3.7.Final.jar:5.3.7.Final]
	at org.hibernate.loader.Loader.listIgnoreQueryCache(Loader.java:2506) ~[hibernate-core-5.3.7.Final.jar:5.3.7.Final]
	at org.hibernate.loader.Loader.list(Loader.java:2501) ~[hibernate-core-5.3.7.Final.jar:5.3.7.Final]
	at org.hibernate.loader.custom.CustomLoader.list(CustomLoader.java:338) ~[hibernate-core-5.3.7.Final.jar:5.3.7.Final]
	at org.hibernate.internal.SessionImpl.listCustomQuery(SessionImpl.java:2223) ~[hibernate-core-5.3.7.Final.jar:5.3.7.Final]
	at org.hibernate.internal.AbstractSharedSessionContract.list(AbstractSharedSessionContract.java:1053) ~[hibernate-core-5.3.7.Final.jar:5.3.7.Final]
	at org.hibernate.query.internal.NativeQueryImpl.doList(NativeQueryImpl.java:170) ~[hibernate-core-5.3.7.Final.jar:5.3.7.Final]
	at org.hibernate.query.internal.AbstractProducedQuery.list(AbstractProducedQuery.java:1505) ~[hibernate-core-5.3.7.Final.jar:5.3.7.Final]
	at org.hibernate.query.Query.getResultList(Query.java:135) ~[hibernate-core-5.3.7.Final.jar:5.3.7.Final]
	at org.stfc.repository.impl.UsersRepositoryImpl.onSearch(UsersRepositoryImpl.java:54) ~[classes/:?]
	at org.stfc.repository.impl.UsersRepositoryImpl$$FastClassBySpringCGLIB$$ffad96a2.invoke(<generated>) ~[classes/:?]
	at org.springframework.cglib.proxy.MethodProxy.invoke(MethodProxy.java:218) ~[spring-core-5.1.2.RELEASE.jar:5.1.2.RELEASE]
	at org.springframework.aop.framework.CglibAopProxy$CglibMethodInvocation.invokeJoinpoint(CglibAopProxy.java:746) ~[spring-aop-5.1.2.RELEASE.jar:5.1.2.RELEASE]
	at org.springframework.aop.framework.ReflectiveMethodInvocation.proceed(ReflectiveMethodInvocation.java:163) ~[spring-aop-5.1.2.RELEASE.jar:5.1.2.RELEASE]
	at org.springframework.dao.support.PersistenceExceptionTranslationInterceptor.invoke(PersistenceExceptionTranslationInterceptor.java:139) ~[spring-tx-5.1.2.RELEASE.jar:5.1.2.RELEASE]
	... 58 more
[INFO ] 2019-04-25 21:46:08.834 [restartedMain] org.stfc.StfcApplication: Starting StfcApplication on dmin-PC with PID 2808 (E:\DONG\STFC\qldt\SOURCE\authen\target\classes started by dmin in E:\DONG\STFC\qldt\SOURCE\authen)
[DEBUG] 2019-04-25 21:46:08.841 [restartedMain] org.stfc.StfcApplication: Running with Spring Boot v2.1.0.RELEASE, Spring v5.1.2.RELEASE
[INFO ] 2019-04-25 21:46:08.842 [restartedMain] org.stfc.StfcApplication: No active profile set, falling back to default profiles: default
[INFO ] 2019-04-25 21:46:11.304 [restartedMain] org.apache.coyote.http11.Http11NioProtocol: Initializing ProtocolHandler ["http-nio-8888"]
[INFO ] 2019-04-25 21:46:11.312 [restartedMain] org.apache.catalina.core.StandardService: Starting service [Tomcat]
[INFO ] 2019-04-25 21:46:11.313 [restartedMain] org.apache.catalina.core.StandardEngine: Starting Servlet Engine: Apache Tomcat/9.0.12
[INFO ] 2019-04-25 21:46:11.324 [restartedMain] org.apache.catalina.core.AprLifecycleListener: The APR based Apache Tomcat Native library which allows optimal performance in production environments was not found on the java.library.path: [C:\Program Files\Java\jdk1.8.0_121\bin;C:\Windows\Sun\Java\bin;C:\Windows\system32;C:\Windows;C:\ProgramData\Oracle\Java\javapath;C:\Windows\system32;C:\Windows;C:\Windows\System32\Wbem;C:\Windows\System32\WindowsPowerShell\v1.0\;C:\Program Files\Java\jdk1.8.0_121\bin;C:\Program Files\nodejs\;C:\Program Files\Git\cmd;C:\Program Files\TortoiseGit\bin;C:\Users\dmin\AppData\Local\GitHubDesktop\bin;C:\Users\dmin\AppData\Roaming\npm;.]
[INFO ] 2019-04-25 21:46:11.434 [restartedMain] org.apache.catalina.core.ContainerBase.[Tomcat].[localhost].[/]: Initializing Spring embedded WebApplicationContext
[WARN ] 2019-04-25 21:46:15.799 [restartedMain] org.springframework.boot.autoconfigure.orm.jpa.JpaBaseConfiguration$JpaWebConfiguration$JpaWebMvcConfiguration: spring.jpa.open-in-view is enabled by default. Therefore, database queries may be performed during view rendering. Explicitly configure spring.jpa.open-in-view to disable this warning
[INFO ] 2019-04-25 21:46:17.067 [restartedMain] org.apache.coyote.http11.Http11NioProtocol: Starting ProtocolHandler ["http-nio-8888"]
[INFO ] 2019-04-25 21:46:17.078 [restartedMain] org.apache.tomcat.util.net.NioSelectorPool: Using a shared selector for servlet write/read
[INFO ] 2019-04-25 21:46:17.099 [restartedMain] org.stfc.StfcApplication: Started StfcApplication in 8.597 seconds (JVM running for 9.881)
[INFO ] 2019-04-25 21:47:11.108 [http-nio-8888-exec-2] org.apache.catalina.core.ContainerBase.[Tomcat].[localhost].[/]: Initializing Spring DispatcherServlet 'dispatcherServlet'
[DEBUG] 2019-04-25 21:47:11.240 [http-nio-8888-exec-2] org.stfc.controller.UsersController: Body request: {"keySearch":"abc"}
[DEBUG] 2019-04-25 21:47:38.015 [http-nio-8888-exec-1] org.stfc.controller.UsersController: Body request: {"userName":"daond","keySearch":"abc"}
