[INFO ] 2019-04-10 20:43:20.650 [restartedMain] org.stfc.StfcApplication: Starting StfcApplication on dmin-PC with PID 2616 (E:\DONG\STFC\qldt\SOURCE\authen\target\classes started by dmin in E:\DONG\STFC\qldt\SOURCE\authen)
[DEBUG] 2019-04-10 20:43:20.683 [restartedMain] org.stfc.StfcApplication: Running with Spring Boot v2.1.0.RELEASE, Spring v5.1.2.RELEASE
[INFO ] 2019-04-10 20:43:20.684 [restartedMain] org.stfc.StfcApplication: No active profile set, falling back to default profiles: default
[INFO ] 2019-04-10 20:43:23.020 [restartedMain] org.apache.coyote.http11.Http11NioProtocol: Initializing ProtocolHandler ["http-nio-9000"]
[INFO ] 2019-04-10 20:43:23.029 [restartedMain] org.apache.catalina.core.StandardService: Starting service [Tomcat]
[INFO ] 2019-04-10 20:43:23.030 [restartedMain] org.apache.catalina.core.StandardEngine: Starting Servlet Engine: Apache Tomcat/9.0.12
[INFO ] 2019-04-10 20:43:23.045 [restartedMain] org.apache.catalina.core.AprLifecycleListener: The APR based Apache Tomcat Native library which allows optimal performance in production environments was not found on the java.library.path: [C:\Program Files\Java\jdk1.8.0_121\bin;C:\Windows\Sun\Java\bin;C:\Windows\system32;C:\Windows;C:\ProgramData\Oracle\Java\javapath;C:\Windows\system32;C:\Windows;C:\Windows\System32\Wbem;C:\Windows\System32\WindowsPowerShell\v1.0\;C:\Program Files\Java\jdk1.8.0_121\bin;C:\Program Files\nodejs\;C:\Program Files\Git\cmd;C:\Program Files\TortoiseGit\bin;C:\Users\dmin\AppData\Local\GitHubDesktop\bin;C:\Users\dmin\AppData\Roaming\npm;.]
[INFO ] 2019-04-10 20:43:23.168 [restartedMain] org.apache.catalina.core.ContainerBase.[Tomcat].[localhost].[/]: Initializing Spring embedded WebApplicationContext
[WARN ] 2019-04-10 20:43:27.935 [restartedMain] org.springframework.boot.autoconfigure.orm.jpa.JpaBaseConfiguration$JpaWebConfiguration$JpaWebMvcConfiguration: spring.jpa.open-in-view is enabled by default. Therefore, database queries may be performed during view rendering. Explicitly configure spring.jpa.open-in-view to disable this warning
[INFO ] 2019-04-10 20:43:29.017 [restartedMain] org.apache.coyote.http11.Http11NioProtocol: Starting ProtocolHandler ["http-nio-9000"]
[INFO ] 2019-04-10 20:43:29.028 [restartedMain] org.apache.tomcat.util.net.NioSelectorPool: Using a shared selector for servlet write/read
[INFO ] 2019-04-10 20:43:29.047 [restartedMain] org.stfc.StfcApplication: Started StfcApplication in 8.66 seconds (JVM running for 9.412)
[INFO ] 2019-04-10 20:43:48.248 [http-nio-9000-exec-2] org.apache.catalina.core.ContainerBase.[Tomcat].[localhost].[/]: Initializing Spring DispatcherServlet 'dispatcherServlet'
[WARN ] 2019-04-10 20:43:48.382 [http-nio-9000-exec-2] org.springframework.web.servlet.mvc.support.DefaultHandlerExceptionResolver: Resolved [org.springframework.http.converter.HttpMessageNotReadableException: Required request body is missing: public java.lang.String org.stfc.controller.UsersController.searchUser(org.stfc.dto.Users)]
[DEBUG] 2019-04-10 20:44:00.666 [http-nio-9000-exec-1] org.stfc.controller.UsersController: Body request: {}
[INFO ] 2019-04-10 20:44:00.698 [http-nio-9000-exec-1] org.stfc.repository.impl.UsersRepositoryImpl: List predicates 0
[INFO ] 2019-04-10 20:45:29.672 [restartedMain] org.stfc.StfcApplication: Starting StfcApplication on dmin-PC with PID 2616 (E:\DONG\STFC\qldt\SOURCE\authen\target\classes started by dmin in E:\DONG\STFC\qldt\SOURCE\authen)
[DEBUG] 2019-04-10 20:45:29.673 [restartedMain] org.stfc.StfcApplication: Running with Spring Boot v2.1.0.RELEASE, Spring v5.1.2.RELEASE
[INFO ] 2019-04-10 20:45:29.673 [restartedMain] org.stfc.StfcApplication: No active profile set, falling back to default profiles: default
[INFO ] 2019-04-10 20:45:30.128 [restartedMain] org.apache.coyote.http11.Http11NioProtocol: Initializing ProtocolHandler ["http-nio-9000"]
[INFO ] 2019-04-10 20:45:30.128 [restartedMain] org.apache.catalina.core.StandardService: Starting service [Tomcat]
[INFO ] 2019-04-10 20:45:30.129 [restartedMain] org.apache.catalina.core.StandardEngine: Starting Servlet Engine: Apache Tomcat/9.0.12
[INFO ] 2019-04-10 20:45:30.140 [restartedMain] org.apache.catalina.core.ContainerBase.[Tomcat].[localhost].[/]: Initializing Spring embedded WebApplicationContext
[WARN ] 2019-04-10 20:45:31.240 [restartedMain] org.springframework.boot.autoconfigure.orm.jpa.JpaBaseConfiguration$JpaWebConfiguration$JpaWebMvcConfiguration: spring.jpa.open-in-view is enabled by default. Therefore, database queries may be performed during view rendering. Explicitly configure spring.jpa.open-in-view to disable this warning
[INFO ] 2019-04-10 20:45:31.423 [restartedMain] org.apache.coyote.http11.Http11NioProtocol: Starting ProtocolHandler ["http-nio-9000"]
[INFO ] 2019-04-10 20:45:31.424 [restartedMain] org.apache.tomcat.util.net.NioSelectorPool: Using a shared selector for servlet write/read
[INFO ] 2019-04-10 20:45:31.428 [restartedMain] org.stfc.StfcApplication: Started StfcApplication in 1.787 seconds (JVM running for 131.793)
[INFO ] 2019-04-10 20:48:15.872 [restartedMain] org.stfc.StfcApplication: Starting StfcApplication on dmin-PC with PID 2616 (E:\DONG\STFC\qldt\SOURCE\authen\target\classes started by dmin in E:\DONG\STFC\qldt\SOURCE\authen)
[DEBUG] 2019-04-10 20:48:15.873 [restartedMain] org.stfc.StfcApplication: Running with Spring Boot v2.1.0.RELEASE, Spring v5.1.2.RELEASE
[INFO ] 2019-04-10 20:48:15.873 [restartedMain] org.stfc.StfcApplication: No active profile set, falling back to default profiles: default
[INFO ] 2019-04-10 20:48:16.259 [restartedMain] org.apache.coyote.http11.Http11NioProtocol: Initializing ProtocolHandler ["http-nio-9000"]
[INFO ] 2019-04-10 20:48:16.260 [restartedMain] org.apache.catalina.core.StandardService: Starting service [Tomcat]
[INFO ] 2019-04-10 20:48:16.260 [restartedMain] org.apache.catalina.core.StandardEngine: Starting Servlet Engine: Apache Tomcat/9.0.12
[INFO ] 2019-04-10 20:48:16.273 [restartedMain] org.apache.catalina.core.ContainerBase.[Tomcat].[localhost].[/]: Initializing Spring embedded WebApplicationContext
[WARN ] 2019-04-10 20:48:17.310 [restartedMain] org.springframework.boot.autoconfigure.orm.jpa.JpaBaseConfiguration$JpaWebConfiguration$JpaWebMvcConfiguration: spring.jpa.open-in-view is enabled by default. Therefore, database queries may be performed during view rendering. Explicitly configure spring.jpa.open-in-view to disable this warning
[INFO ] 2019-04-10 20:48:17.394 [restartedMain] org.apache.coyote.http11.Http11NioProtocol: Starting ProtocolHandler ["http-nio-9000"]
[INFO ] 2019-04-10 20:48:17.395 [restartedMain] org.apache.tomcat.util.net.NioSelectorPool: Using a shared selector for servlet write/read
[INFO ] 2019-04-10 20:48:17.398 [restartedMain] org.stfc.StfcApplication: Started StfcApplication in 1.556 seconds (JVM running for 297.761)
[INFO ] 2019-04-10 20:51:54.418 [restartedMain] org.stfc.StfcApplication: Starting StfcApplication on dmin-PC with PID 4496 (E:\DONG\STFC\qldt\SOURCE\authen\target\classes started by dmin in E:\DONG\STFC\qldt\SOURCE\authen)
[DEBUG] 2019-04-10 20:51:54.422 [restartedMain] org.stfc.StfcApplication: Running with Spring Boot v2.1.0.RELEASE, Spring v5.1.2.RELEASE
[INFO ] 2019-04-10 20:51:54.423 [restartedMain] org.stfc.StfcApplication: No active profile set, falling back to default profiles: default
[INFO ] 2019-04-10 20:51:56.662 [restartedMain] org.apache.coyote.http11.Http11NioProtocol: Initializing ProtocolHandler ["http-nio-9000"]
[INFO ] 2019-04-10 20:51:56.672 [restartedMain] org.apache.catalina.core.StandardService: Starting service [Tomcat]
[INFO ] 2019-04-10 20:51:56.672 [restartedMain] org.apache.catalina.core.StandardEngine: Starting Servlet Engine: Apache Tomcat/9.0.12
[INFO ] 2019-04-10 20:51:56.683 [restartedMain] org.apache.catalina.core.AprLifecycleListener: The APR based Apache Tomcat Native library which allows optimal performance in production environments was not found on the java.library.path: [C:\Program Files\Java\jdk1.8.0_121\bin;C:\Windows\Sun\Java\bin;C:\Windows\system32;C:\Windows;C:\ProgramData\Oracle\Java\javapath;C:\Windows\system32;C:\Windows;C:\Windows\System32\Wbem;C:\Windows\System32\WindowsPowerShell\v1.0\;C:\Program Files\Java\jdk1.8.0_121\bin;C:\Program Files\nodejs\;C:\Program Files\Git\cmd;C:\Program Files\TortoiseGit\bin;C:\Users\dmin\AppData\Local\GitHubDesktop\bin;C:\Users\dmin\AppData\Roaming\npm;.]
[INFO ] 2019-04-10 20:51:56.784 [restartedMain] org.apache.catalina.core.ContainerBase.[Tomcat].[localhost].[/]: Initializing Spring embedded WebApplicationContext
[WARN ] 2019-04-10 20:52:00.478 [restartedMain] org.springframework.boot.autoconfigure.orm.jpa.JpaBaseConfiguration$JpaWebConfiguration$JpaWebMvcConfiguration: spring.jpa.open-in-view is enabled by default. Therefore, database queries may be performed during view rendering. Explicitly configure spring.jpa.open-in-view to disable this warning
[INFO ] 2019-04-10 20:52:01.130 [restartedMain] org.apache.coyote.http11.Http11NioProtocol: Starting ProtocolHandler ["http-nio-9000"]
[INFO ] 2019-04-10 20:52:01.140 [restartedMain] org.apache.tomcat.util.net.NioSelectorPool: Using a shared selector for servlet write/read
[INFO ] 2019-04-10 20:52:01.158 [restartedMain] org.stfc.StfcApplication: Started StfcApplication in 7.059 seconds (JVM running for 7.727)
[INFO ] 2019-04-10 20:52:17.571 [http-nio-9000-exec-1] org.apache.catalina.core.ContainerBase.[Tomcat].[localhost].[/]: Initializing Spring DispatcherServlet 'dispatcherServlet'
[DEBUG] 2019-04-10 20:52:17.712 [http-nio-9000-exec-1] org.stfc.controller.UsersController: Body request: {}
[INFO ] 2019-04-10 20:52:17.739 [http-nio-9000-exec-1] org.stfc.repository.impl.UsersRepositoryImpl: List predicates 0
[DEBUG] 2019-04-10 20:52:38.906 [http-nio-9000-exec-2] org.stfc.controller.UsersController: Body request: {"userName":"dong"}
[INFO ] 2019-04-10 20:52:38.910 [http-nio-9000-exec-2] org.stfc.repository.impl.UsersRepositoryImpl: List predicates 1
[DEBUG] 2019-04-10 20:53:06.269 [http-nio-9000-exec-3] org.stfc.controller.UsersController: Body request: {"userName":"dongdv"}
[INFO ] 2019-04-10 20:53:06.269 [http-nio-9000-exec-3] org.stfc.repository.impl.UsersRepositoryImpl: List predicates 1
[DEBUG] 2019-04-10 20:53:15.939 [http-nio-9000-exec-4] org.stfc.controller.UsersController: Body request: {"fullName":"dong"}
[INFO ] 2019-04-10 20:53:15.940 [http-nio-9000-exec-4] org.stfc.repository.impl.UsersRepositoryImpl: List predicates 1
[DEBUG] 2019-04-10 20:53:52.855 [http-nio-9000-exec-5] org.stfc.controller.UsersController: Body request: [{"userName":"daond","password":"123456","fullName":"Nguyen Duc Dao","email":"dao@gmail.com","mobile":"0123456789","userType":1,"status":1,"description":"ABC"}]
[DEBUG] 2019-04-10 20:54:25.973 [http-nio-9000-exec-6] org.stfc.controller.UsersController: Body request: {}
[INFO ] 2019-04-10 20:54:25.974 [http-nio-9000-exec-6] org.stfc.repository.impl.UsersRepositoryImpl: List predicates 0
[DEBUG] 2019-04-10 20:54:42.786 [http-nio-9000-exec-8] org.stfc.controller.UsersController: Body request: {}
[INFO ] 2019-04-10 20:54:42.787 [http-nio-9000-exec-8] org.stfc.repository.impl.UsersRepositoryImpl: List predicates 0
[DEBUG] 2019-04-10 20:56:51.407 [http-nio-9000-exec-1] org.stfc.controller.UsersController: Body request: {}
[INFO ] 2019-04-10 20:56:51.407 [http-nio-9000-exec-1] org.stfc.repository.impl.UsersRepositoryImpl: List predicates 0
[INFO ] 2019-04-10 21:00:11.755 [restartedMain] org.stfc.StfcApplication: Starting StfcApplication on dmin-PC with PID 4496 (E:\DONG\STFC\qldt\SOURCE\authen\target\classes started by dmin in E:\DONG\STFC\qldt\SOURCE\authen)
[DEBUG] 2019-04-10 21:00:11.756 [restartedMain] org.stfc.StfcApplication: Running with Spring Boot v2.1.0.RELEASE, Spring v5.1.2.RELEASE
[INFO ] 2019-04-10 21:00:11.756 [restartedMain] org.stfc.StfcApplication: No active profile set, falling back to default profiles: default
[INFO ] 2019-04-10 21:00:12.296 [restartedMain] org.apache.coyote.http11.Http11NioProtocol: Initializing ProtocolHandler ["http-nio-9000"]
[INFO ] 2019-04-10 21:00:12.297 [restartedMain] org.apache.catalina.core.StandardService: Starting service [Tomcat]
[INFO ] 2019-04-10 21:00:12.297 [restartedMain] org.apache.catalina.core.StandardEngine: Starting Servlet Engine: Apache Tomcat/9.0.12
[INFO ] 2019-04-10 21:00:12.312 [restartedMain] org.apache.catalina.core.ContainerBase.[Tomcat].[localhost].[/]: Initializing Spring embedded WebApplicationContext
[WARN ] 2019-04-10 21:00:13.433 [restartedMain] org.springframework.boot.autoconfigure.orm.jpa.JpaBaseConfiguration$JpaWebConfiguration$JpaWebMvcConfiguration: spring.jpa.open-in-view is enabled by default. Therefore, database queries may be performed during view rendering. Explicitly configure spring.jpa.open-in-view to disable this warning
[INFO ] 2019-04-10 21:00:13.584 [restartedMain] org.apache.coyote.http11.Http11NioProtocol: Starting ProtocolHandler ["http-nio-9000"]
[INFO ] 2019-04-10 21:00:13.585 [restartedMain] org.apache.tomcat.util.net.NioSelectorPool: Using a shared selector for servlet write/read
[INFO ] 2019-04-10 21:00:13.589 [restartedMain] org.stfc.StfcApplication: Started StfcApplication in 1.869 seconds (JVM running for 500.153)
[INFO ] 2019-04-10 21:09:43.344 [restartedMain] org.stfc.StfcApplication: Starting StfcApplication on dmin-PC with PID 1424 (E:\DONG\STFC\qldt\SOURCE\authen\target\classes started by dmin in E:\DONG\STFC\qldt\SOURCE\authen)
[DEBUG] 2019-04-10 21:09:43.351 [restartedMain] org.stfc.StfcApplication: Running with Spring Boot v2.1.0.RELEASE, Spring v5.1.2.RELEASE
[INFO ] 2019-04-10 21:09:43.351 [restartedMain] org.stfc.StfcApplication: No active profile set, falling back to default profiles: default
[INFO ] 2019-04-10 21:09:45.399 [restartedMain] org.apache.coyote.http11.Http11NioProtocol: Initializing ProtocolHandler ["http-nio-9000"]
[INFO ] 2019-04-10 21:09:45.406 [restartedMain] org.apache.catalina.core.StandardService: Starting service [Tomcat]
[INFO ] 2019-04-10 21:09:45.406 [restartedMain] org.apache.catalina.core.StandardEngine: Starting Servlet Engine: Apache Tomcat/9.0.12
[INFO ] 2019-04-10 21:09:45.416 [restartedMain] org.apache.catalina.core.AprLifecycleListener: The APR based Apache Tomcat Native library which allows optimal performance in production environments was not found on the java.library.path: [C:\Program Files\Java\jdk1.8.0_121\bin;C:\Windows\Sun\Java\bin;C:\Windows\system32;C:\Windows;C:\ProgramData\Oracle\Java\javapath;C:\Windows\system32;C:\Windows;C:\Windows\System32\Wbem;C:\Windows\System32\WindowsPowerShell\v1.0\;C:\Program Files\Java\jdk1.8.0_121\bin;C:\Program Files\nodejs\;C:\Program Files\Git\cmd;C:\Program Files\TortoiseGit\bin;C:\Users\dmin\AppData\Local\GitHubDesktop\bin;C:\Users\dmin\AppData\Roaming\npm;.]
[INFO ] 2019-04-10 21:09:45.528 [restartedMain] org.apache.catalina.core.ContainerBase.[Tomcat].[localhost].[/]: Initializing Spring embedded WebApplicationContext
[WARN ] 2019-04-10 21:09:49.393 [restartedMain] org.springframework.boot.autoconfigure.orm.jpa.JpaBaseConfiguration$JpaWebConfiguration$JpaWebMvcConfiguration: spring.jpa.open-in-view is enabled by default. Therefore, database queries may be performed during view rendering. Explicitly configure spring.jpa.open-in-view to disable this warning
[INFO ] 2019-04-10 21:09:50.086 [restartedMain] org.apache.coyote.http11.Http11NioProtocol: Starting ProtocolHandler ["http-nio-9000"]
[INFO ] 2019-04-10 21:09:50.094 [restartedMain] org.apache.tomcat.util.net.NioSelectorPool: Using a shared selector for servlet write/read
[INFO ] 2019-04-10 21:09:50.111 [restartedMain] org.stfc.StfcApplication: Started StfcApplication in 7.06 seconds (JVM running for 7.733)
[INFO ] 2019-04-10 21:13:42.549 [http-nio-9000-exec-1] org.apache.catalina.core.ContainerBase.[Tomcat].[localhost].[/]: Initializing Spring DispatcherServlet 'dispatcherServlet'
[DEBUG] 2019-04-10 21:13:42.665 [http-nio-9000-exec-1] org.stfc.controller.RolesController: Body request: [{"roleCode":"role1","roleName":"Role 1","status":1,"description":"acb"},{"roleCode":"role2","roleName":"Role 2","status":1,"description":"acdsb"}]
[INFO ] 2019-04-10 21:15:26.335 [restartedMain] org.stfc.StfcApplication: Starting StfcApplication on dmin-PC with PID 1424 (E:\DONG\STFC\qldt\SOURCE\authen\target\classes started by dmin in E:\DONG\STFC\qldt\SOURCE\authen)
[DEBUG] 2019-04-10 21:15:26.335 [restartedMain] org.stfc.StfcApplication: Running with Spring Boot v2.1.0.RELEASE, Spring v5.1.2.RELEASE
[INFO ] 2019-04-10 21:15:26.336 [restartedMain] org.stfc.StfcApplication: No active profile set, falling back to default profiles: default
[INFO ] 2019-04-10 21:15:26.929 [restartedMain] org.apache.coyote.http11.Http11NioProtocol: Initializing ProtocolHandler ["http-nio-9000"]
[INFO ] 2019-04-10 21:15:26.929 [restartedMain] org.apache.catalina.core.StandardService: Starting service [Tomcat]
[INFO ] 2019-04-10 21:15:26.929 [restartedMain] org.apache.catalina.core.StandardEngine: Starting Servlet Engine: Apache Tomcat/9.0.12
[INFO ] 2019-04-10 21:15:26.940 [restartedMain] org.apache.catalina.core.ContainerBase.[Tomcat].[localhost].[/]: Initializing Spring embedded WebApplicationContext
[WARN ] 2019-04-10 21:15:27.745 [restartedMain] org.springframework.boot.web.servlet.context.AnnotationConfigServletWebServerApplicationContext: Exception encountered during context initialization - cancelling refresh attempt: org.springframework.beans.factory.BeanCreationException: Error creating bean with name 'rolesController': Lookup method resolution failed; nested exception is java.lang.IllegalStateException: Failed to introspect Class [org.stfc.controller.RolesController] from ClassLoader [org.springframework.boot.devtools.restart.classloader.RestartClassLoader@22077eb1]
[INFO ] 2019-04-10 21:15:27.747 [restartedMain] org.apache.catalina.core.StandardService: Stopping service [Tomcat]
[ERROR] 2019-04-10 21:15:27.757 [restartedMain] org.springframework.boot.SpringApplication: Application run failed
org.springframework.beans.factory.BeanCreationException: Error creating bean with name 'rolesController': Lookup method resolution failed; nested exception is java.lang.IllegalStateException: Failed to introspect Class [org.stfc.controller.RolesController] from ClassLoader [org.springframework.boot.devtools.restart.classloader.RestartClassLoader@22077eb1]
	at org.springframework.beans.factory.annotation.AutowiredAnnotationBeanPostProcessor.determineCandidateConstructors(AutowiredAnnotationBeanPostProcessor.java:265) ~[spring-beans-5.1.2.RELEASE.jar:5.1.2.RELEASE]
	at org.springframework.beans.factory.support.AbstractAutowireCapableBeanFactory.determineConstructorsFromBeanPostProcessors(AbstractAutowireCapableBeanFactory.java:1236) ~[spring-beans-5.1.2.RELEASE.jar:5.1.2.RELEASE]
	at org.springframework.beans.factory.support.AbstractAutowireCapableBeanFactory.createBeanInstance(AbstractAutowireCapableBeanFactory.java:1151) ~[spring-beans-5.1.2.RELEASE.jar:5.1.2.RELEASE]
	at org.springframework.beans.factory.support.AbstractAutowireCapableBeanFactory.doCreateBean(AbstractAutowireCapableBeanFactory.java:538) ~[spring-beans-5.1.2.RELEASE.jar:5.1.2.RELEASE]
	at org.springframework.beans.factory.support.AbstractAutowireCapableBeanFactory.createBean(AbstractAutowireCapableBeanFactory.java:498) ~[spring-beans-5.1.2.RELEASE.jar:5.1.2.RELEASE]
	at org.springframework.beans.factory.support.AbstractBeanFactory.lambda$doGetBean$0(AbstractBeanFactory.java:320) ~[spring-beans-5.1.2.RELEASE.jar:5.1.2.RELEASE]
	at org.springframework.beans.factory.support.DefaultSingletonBeanRegistry.getSingleton(DefaultSingletonBeanRegistry.java:222) ~[spring-beans-5.1.2.RELEASE.jar:5.1.2.RELEASE]
	at org.springframework.beans.factory.support.AbstractBeanFactory.doGetBean(AbstractBeanFactory.java:318) ~[spring-beans-5.1.2.RELEASE.jar:5.1.2.RELEASE]
	at org.springframework.beans.factory.support.AbstractBeanFactory.getBean(AbstractBeanFactory.java:199) ~[spring-beans-5.1.2.RELEASE.jar:5.1.2.RELEASE]
	at org.springframework.beans.factory.support.DefaultListableBeanFactory.preInstantiateSingletons(DefaultListableBeanFactory.java:846) ~[spring-beans-5.1.2.RELEASE.jar:5.1.2.RELEASE]
	at org.springframework.context.support.AbstractApplicationContext.finishBeanFactoryInitialization(AbstractApplicationContext.java:863) ~[spring-context-5.1.2.RELEASE.jar:5.1.2.RELEASE]
	at org.springframework.context.support.AbstractApplicationContext.refresh(AbstractApplicationContext.java:546) ~[spring-context-5.1.2.RELEASE.jar:5.1.2.RELEASE]
	at org.springframework.boot.web.servlet.context.ServletWebServerApplicationContext.refresh(ServletWebServerApplicationContext.java:140) ~[spring-boot-2.1.0.RELEASE.jar:2.1.0.RELEASE]
	at org.springframework.boot.SpringApplication.refresh(SpringApplication.java:775) [spring-boot-2.1.0.RELEASE.jar:2.1.0.RELEASE]
	at org.springframework.boot.SpringApplication.refreshContext(SpringApplication.java:397) [spring-boot-2.1.0.RELEASE.jar:2.1.0.RELEASE]
	at org.springframework.boot.SpringApplication.run(SpringApplication.java:316) [spring-boot-2.1.0.RELEASE.jar:2.1.0.RELEASE]
	at org.springframework.boot.SpringApplication.run(SpringApplication.java:1260) [spring-boot-2.1.0.RELEASE.jar:2.1.0.RELEASE]
	at org.springframework.boot.SpringApplication.run(SpringApplication.java:1248) [spring-boot-2.1.0.RELEASE.jar:2.1.0.RELEASE]
	at org.stfc.StfcApplication.main(StfcApplication.java:16) [classes/:?]
	at sun.reflect.NativeMethodAccessorImpl.invoke0(Native Method) ~[?:1.8.0_121]
	at sun.reflect.NativeMethodAccessorImpl.invoke(NativeMethodAccessorImpl.java:62) ~[?:1.8.0_121]
	at sun.reflect.DelegatingMethodAccessorImpl.invoke(DelegatingMethodAccessorImpl.java:43) ~[?:1.8.0_121]
	at java.lang.reflect.Method.invoke(Method.java:498) ~[?:1.8.0_121]
	at org.springframework.boot.devtools.restart.RestartLauncher.run(RestartLauncher.java:49) [spring-boot-devtools-2.1.0.RELEASE.jar:2.1.0.RELEASE]
Caused by: java.lang.IllegalStateException: Failed to introspect Class [org.stfc.controller.RolesController] from ClassLoader [org.springframework.boot.devtools.restart.classloader.RestartClassLoader@22077eb1]
	at org.springframework.util.ReflectionUtils.getDeclaredMethods(ReflectionUtils.java:680) ~[spring-core-5.1.2.RELEASE.jar:5.1.2.RELEASE]
	at org.springframework.util.ReflectionUtils.doWithMethods(ReflectionUtils.java:577) ~[spring-core-5.1.2.RELEASE.jar:5.1.2.RELEASE]
	at org.springframework.util.ReflectionUtils.doWithMethods(ReflectionUtils.java:562) ~[spring-core-5.1.2.RELEASE.jar:5.1.2.RELEASE]
	at org.springframework.beans.factory.annotation.AutowiredAnnotationBeanPostProcessor.determineCandidateConstructors(AutowiredAnnotationBeanPostProcessor.java:248) ~[spring-beans-5.1.2.RELEASE.jar:5.1.2.RELEASE]
	... 23 more
Caused by: java.lang.NoClassDefFoundError: org/stfc/dto/Roles
	at java.lang.Class.getDeclaredMethods0(Native Method) ~[?:1.8.0_121]
	at java.lang.Class.privateGetDeclaredMethods(Class.java:2701) ~[?:1.8.0_121]
	at java.lang.Class.getDeclaredMethods(Class.java:1975) ~[?:1.8.0_121]
	at org.springframework.util.ReflectionUtils.getDeclaredMethods(ReflectionUtils.java:662) ~[spring-core-5.1.2.RELEASE.jar:5.1.2.RELEASE]
	at org.springframework.util.ReflectionUtils.doWithMethods(ReflectionUtils.java:577) ~[spring-core-5.1.2.RELEASE.jar:5.1.2.RELEASE]
	at org.springframework.util.ReflectionUtils.doWithMethods(ReflectionUtils.java:562) ~[spring-core-5.1.2.RELEASE.jar:5.1.2.RELEASE]
	at org.springframework.beans.factory.annotation.AutowiredAnnotationBeanPostProcessor.determineCandidateConstructors(AutowiredAnnotationBeanPostProcessor.java:248) ~[spring-beans-5.1.2.RELEASE.jar:5.1.2.RELEASE]
	... 23 more
Caused by: java.lang.ClassNotFoundException: org.stfc.dto.Roles
	at java.net.URLClassLoader.findClass(URLClassLoader.java:381) ~[?:1.8.0_121]
	at java.lang.ClassLoader.loadClass(ClassLoader.java:424) ~[?:1.8.0_121]
	at sun.misc.Launcher$AppClassLoader.loadClass(Launcher.java:331) ~[?:1.8.0_121]
	at java.lang.ClassLoader.loadClass(ClassLoader.java:357) ~[?:1.8.0_121]
	at org.springframework.boot.devtools.restart.classloader.RestartClassLoader.loadClass(RestartClassLoader.java:148) ~[spring-boot-devtools-2.1.0.RELEASE.jar:2.1.0.RELEASE]
	at java.lang.ClassLoader.loadClass(ClassLoader.java:357) ~[?:1.8.0_121]
	at java.lang.Class.getDeclaredMethods0(Native Method) ~[?:1.8.0_121]
	at java.lang.Class.privateGetDeclaredMethods(Class.java:2701) ~[?:1.8.0_121]
	at java.lang.Class.getDeclaredMethods(Class.java:1975) ~[?:1.8.0_121]
	at org.springframework.util.ReflectionUtils.getDeclaredMethods(ReflectionUtils.java:662) ~[spring-core-5.1.2.RELEASE.jar:5.1.2.RELEASE]
	at org.springframework.util.ReflectionUtils.doWithMethods(ReflectionUtils.java:577) ~[spring-core-5.1.2.RELEASE.jar:5.1.2.RELEASE]
	at org.springframework.util.ReflectionUtils.doWithMethods(ReflectionUtils.java:562) ~[spring-core-5.1.2.RELEASE.jar:5.1.2.RELEASE]
	at org.springframework.beans.factory.annotation.AutowiredAnnotationBeanPostProcessor.determineCandidateConstructors(AutowiredAnnotationBeanPostProcessor.java:248) ~[spring-beans-5.1.2.RELEASE.jar:5.1.2.RELEASE]
	... 23 more
[INFO ] 2019-04-10 21:15:36.255 [restartedMain] org.stfc.StfcApplication: Starting StfcApplication on dmin-PC with PID 1424 (E:\DONG\STFC\qldt\SOURCE\authen\target\classes started by dmin in E:\DONG\STFC\qldt\SOURCE\authen)
[DEBUG] 2019-04-10 21:15:36.255 [restartedMain] org.stfc.StfcApplication: Running with Spring Boot v2.1.0.RELEASE, Spring v5.1.2.RELEASE
[INFO ] 2019-04-10 21:15:36.256 [restartedMain] org.stfc.StfcApplication: No active profile set, falling back to default profiles: default
[ERROR] 2019-04-10 21:15:36.526 [restartedMain] org.springframework.boot.SpringApplication: Application run failed
java.lang.TypeNotPresentException: Type org.stfc.dto.Roles not present
	at sun.reflect.generics.factory.CoreReflectionFactory.makeNamedType(CoreReflectionFactory.java:117) ~[?:1.8.0_121]
	at sun.reflect.generics.visitor.Reifier.visitClassTypeSignature(Reifier.java:125) ~[?:1.8.0_121]
	at sun.reflect.generics.tree.ClassTypeSignature.accept(ClassTypeSignature.java:49) ~[?:1.8.0_121]
	at sun.reflect.generics.visitor.Reifier.reifyTypeArguments(Reifier.java:68) ~[?:1.8.0_121]
	at sun.reflect.generics.visitor.Reifier.visitClassTypeSignature(Reifier.java:138) ~[?:1.8.0_121]
	at sun.reflect.generics.tree.ClassTypeSignature.accept(ClassTypeSignature.java:49) ~[?:1.8.0_121]
	at sun.reflect.generics.repository.ClassRepository.getSuperInterfaces(ClassRepository.java:108) ~[?:1.8.0_121]
	at java.lang.Class.getGenericInterfaces(Class.java:913) ~[?:1.8.0_121]
	at org.springframework.core.ResolvableType.getInterfaces(ResolvableType.java:491) ~[spring-core-5.1.2.RELEASE.jar:5.1.2.RELEASE]
	at org.springframework.core.GenericTypeResolver.buildTypeVariableMap(GenericTypeResolver.java:269) ~[spring-core-5.1.2.RELEASE.jar:5.1.2.RELEASE]
	at org.springframework.core.GenericTypeResolver.getTypeVariableMap(GenericTypeResolver.java:246) ~[spring-core-5.1.2.RELEASE.jar:5.1.2.RELEASE]
	at org.springframework.data.util.ClassTypeInformation.getTypeVariableMap(ClassTypeInformation.java:115) ~[spring-data-commons-2.1.2.RELEASE.jar:2.1.2.RELEASE]
	at org.springframework.data.util.ClassTypeInformation.getTypeVariableMap(ClassTypeInformation.java:104) ~[spring-data-commons-2.1.2.RELEASE.jar:2.1.2.RELEASE]
	at org.springframework.data.util.ClassTypeInformation.<init>(ClassTypeInformation.java:93) ~[spring-data-commons-2.1.2.RELEASE.jar:2.1.2.RELEASE]
	at java.util.concurrent.ConcurrentMap.computeIfAbsent(ConcurrentMap.java:324) ~[?:1.8.0_121]
	at org.springframework.data.util.ClassTypeInformation.from(ClassTypeInformation.java:71) ~[spring-data-commons-2.1.2.RELEASE.jar:2.1.2.RELEASE]
	at org.springframework.data.repository.core.support.AbstractRepositoryMetadata.<init>(AbstractRepositoryMetadata.java:58) ~[spring-data-commons-2.1.2.RELEASE.jar:2.1.2.RELEASE]
	at org.springframework.data.repository.core.support.DefaultRepositoryMetadata.<init>(DefaultRepositoryMetadata.java:52) ~[spring-data-commons-2.1.2.RELEASE.jar:2.1.2.RELEASE]
	at org.springframework.data.repository.core.support.AbstractRepositoryMetadata.getMetadata(AbstractRepositoryMetadata.java:73) ~[spring-data-commons-2.1.2.RELEASE.jar:2.1.2.RELEASE]
	at org.springframework.data.repository.config.RepositoryConfigurationExtensionSupport.getRepositoryConfigurations(RepositoryConfigurationExtensionSupport.java:99) ~[spring-data-commons-2.1.2.RELEASE.jar:2.1.2.RELEASE]
	at org.springframework.data.repository.config.RepositoryConfigurationDelegate.registerRepositoriesIn(RepositoryConfigurationDelegate.java:145) ~[spring-data-commons-2.1.2.RELEASE.jar:2.1.2.RELEASE]
	at org.springframework.boot.autoconfigure.data.AbstractRepositoryConfigurationSourceSupport.registerBeanDefinitions(AbstractRepositoryConfigurationSourceSupport.java:61) ~[spring-boot-autoconfigure-2.1.0.RELEASE.jar:2.1.0.RELEASE]
	at org.springframework.context.annotation.ConfigurationClassBeanDefinitionReader.lambda$loadBeanDefinitionsFromRegistrars$1(ConfigurationClassBeanDefinitionReader.java:364) ~[spring-context-5.1.2.RELEASE.jar:5.1.2.RELEASE]
	at java.util.LinkedHashMap.forEach(LinkedHashMap.java:684) ~[?:1.8.0_121]
	at org.springframework.context.annotation.ConfigurationClassBeanDefinitionReader.loadBeanDefinitionsFromRegistrars(ConfigurationClassBeanDefinitionReader.java:363) ~[spring-context-5.1.2.RELEASE.jar:5.1.2.RELEASE]
	at org.springframework.context.annotation.ConfigurationClassBeanDefinitionReader.loadBeanDefinitionsForConfigurationClass(ConfigurationClassBeanDefinitionReader.java:145) ~[spring-context-5.1.2.RELEASE.jar:5.1.2.RELEASE]
	at org.springframework.context.annotation.ConfigurationClassBeanDefinitionReader.loadBeanDefinitions(ConfigurationClassBeanDefinitionReader.java:117) ~[spring-context-5.1.2.RELEASE.jar:5.1.2.RELEASE]
	at org.springframework.context.annotation.ConfigurationClassPostProcessor.processConfigBeanDefinitions(ConfigurationClassPostProcessor.java:327) ~[spring-context-5.1.2.RELEASE.jar:5.1.2.RELEASE]
	at org.springframework.context.annotation.ConfigurationClassPostProcessor.postProcessBeanDefinitionRegistry(ConfigurationClassPostProcessor.java:232) ~[spring-context-5.1.2.RELEASE.jar:5.1.2.RELEASE]
	at org.springframework.context.support.PostProcessorRegistrationDelegate.invokeBeanDefinitionRegistryPostProcessors(PostProcessorRegistrationDelegate.java:275) ~[spring-context-5.1.2.RELEASE.jar:5.1.2.RELEASE]
	at org.springframework.context.support.PostProcessorRegistrationDelegate.invokeBeanFactoryPostProcessors(PostProcessorRegistrationDelegate.java:95) ~[spring-context-5.1.2.RELEASE.jar:5.1.2.RELEASE]
	at org.springframework.context.support.AbstractApplicationContext.invokeBeanFactoryPostProcessors(AbstractApplicationContext.java:691) ~[spring-context-5.1.2.RELEASE.jar:5.1.2.RELEASE]
	at org.springframework.context.support.AbstractApplicationContext.refresh(AbstractApplicationContext.java:528) ~[spring-context-5.1.2.RELEASE.jar:5.1.2.RELEASE]
	at org.springframework.boot.web.servlet.context.ServletWebServerApplicationContext.refresh(ServletWebServerApplicationContext.java:140) ~[spring-boot-2.1.0.RELEASE.jar:2.1.0.RELEASE]
	at org.springframework.boot.SpringApplication.refresh(SpringApplication.java:775) [spring-boot-2.1.0.RELEASE.jar:2.1.0.RELEASE]
	at org.springframework.boot.SpringApplication.refreshContext(SpringApplication.java:397) [spring-boot-2.1.0.RELEASE.jar:2.1.0.RELEASE]
	at org.springframework.boot.SpringApplication.run(SpringApplication.java:316) [spring-boot-2.1.0.RELEASE.jar:2.1.0.RELEASE]
	at org.springframework.boot.SpringApplication.run(SpringApplication.java:1260) [spring-boot-2.1.0.RELEASE.jar:2.1.0.RELEASE]
	at org.springframework.boot.SpringApplication.run(SpringApplication.java:1248) [spring-boot-2.1.0.RELEASE.jar:2.1.0.RELEASE]
	at org.stfc.StfcApplication.main(StfcApplication.java:16) [classes/:?]
	at sun.reflect.NativeMethodAccessorImpl.invoke0(Native Method) ~[?:1.8.0_121]
	at sun.reflect.NativeMethodAccessorImpl.invoke(NativeMethodAccessorImpl.java:62) ~[?:1.8.0_121]
	at sun.reflect.DelegatingMethodAccessorImpl.invoke(DelegatingMethodAccessorImpl.java:43) ~[?:1.8.0_121]
	at java.lang.reflect.Method.invoke(Method.java:498) ~[?:1.8.0_121]
	at org.springframework.boot.devtools.restart.RestartLauncher.run(RestartLauncher.java:49) [spring-boot-devtools-2.1.0.RELEASE.jar:2.1.0.RELEASE]
Caused by: java.lang.ClassNotFoundException: org.stfc.dto.Roles
	at org.springframework.instrument.classloading.ShadowingClassLoader.doLoadClass(ShadowingClassLoader.java:151) ~[spring-context-5.1.2.RELEASE.jar:5.1.2.RELEASE]
	at org.springframework.instrument.classloading.ShadowingClassLoader.loadClass(ShadowingClassLoader.java:118) ~[spring-context-5.1.2.RELEASE.jar:5.1.2.RELEASE]
	at java.lang.Class.forName0(Native Method) ~[?:1.8.0_121]
	at java.lang.Class.forName(Class.java:348) ~[?:1.8.0_121]
	at sun.reflect.generics.factory.CoreReflectionFactory.makeNamedType(CoreReflectionFactory.java:114) ~[?:1.8.0_121]
	... 44 more
[INFO ] 2019-04-10 21:16:03.057 [restartedMain] org.stfc.StfcApplication: Starting StfcApplication on dmin-PC with PID 1424 (E:\DONG\STFC\qldt\SOURCE\authen\target\classes started by dmin in E:\DONG\STFC\qldt\SOURCE\authen)
[DEBUG] 2019-04-10 21:16:03.057 [restartedMain] org.stfc.StfcApplication: Running with Spring Boot v2.1.0.RELEASE, Spring v5.1.2.RELEASE
[INFO ] 2019-04-10 21:16:03.057 [restartedMain] org.stfc.StfcApplication: No active profile set, falling back to default profiles: default
[ERROR] 2019-04-10 21:16:03.367 [restartedMain] org.springframework.boot.SpringApplication: Application run failed
java.lang.TypeNotPresentException: Type org.stfc.dto.Roles not present
	at sun.reflect.generics.factory.CoreReflectionFactory.makeNamedType(CoreReflectionFactory.java:117) ~[?:1.8.0_121]
	at sun.reflect.generics.visitor.Reifier.visitClassTypeSignature(Reifier.java:125) ~[?:1.8.0_121]
	at sun.reflect.generics.tree.ClassTypeSignature.accept(ClassTypeSignature.java:49) ~[?:1.8.0_121]
	at sun.reflect.generics.visitor.Reifier.reifyTypeArguments(Reifier.java:68) ~[?:1.8.0_121]
	at sun.reflect.generics.visitor.Reifier.visitClassTypeSignature(Reifier.java:138) ~[?:1.8.0_121]
	at sun.reflect.generics.tree.ClassTypeSignature.accept(ClassTypeSignature.java:49) ~[?:1.8.0_121]
	at sun.reflect.generics.repository.ClassRepository.getSuperInterfaces(ClassRepository.java:108) ~[?:1.8.0_121]
	at java.lang.Class.getGenericInterfaces(Class.java:913) ~[?:1.8.0_121]
	at org.springframework.core.ResolvableType.getInterfaces(ResolvableType.java:491) ~[spring-core-5.1.2.RELEASE.jar:5.1.2.RELEASE]
	at org.springframework.core.GenericTypeResolver.buildTypeVariableMap(GenericTypeResolver.java:269) ~[spring-core-5.1.2.RELEASE.jar:5.1.2.RELEASE]
	at org.springframework.core.GenericTypeResolver.getTypeVariableMap(GenericTypeResolver.java:246) ~[spring-core-5.1.2.RELEASE.jar:5.1.2.RELEASE]
	at org.springframework.data.util.ClassTypeInformation.getTypeVariableMap(ClassTypeInformation.java:115) ~[spring-data-commons-2.1.2.RELEASE.jar:2.1.2.RELEASE]
	at org.springframework.data.util.ClassTypeInformation.getTypeVariableMap(ClassTypeInformation.java:104) ~[spring-data-commons-2.1.2.RELEASE.jar:2.1.2.RELEASE]
	at org.springframework.data.util.ClassTypeInformation.<init>(ClassTypeInformation.java:93) ~[spring-data-commons-2.1.2.RELEASE.jar:2.1.2.RELEASE]
	at java.util.concurrent.ConcurrentMap.computeIfAbsent(ConcurrentMap.java:324) ~[?:1.8.0_121]
	at org.springframework.data.util.ClassTypeInformation.from(ClassTypeInformation.java:71) ~[spring-data-commons-2.1.2.RELEASE.jar:2.1.2.RELEASE]
	at org.springframework.data.repository.core.support.AbstractRepositoryMetadata.<init>(AbstractRepositoryMetadata.java:58) ~[spring-data-commons-2.1.2.RELEASE.jar:2.1.2.RELEASE]
	at org.springframework.data.repository.core.support.DefaultRepositoryMetadata.<init>(DefaultRepositoryMetadata.java:52) ~[spring-data-commons-2.1.2.RELEASE.jar:2.1.2.RELEASE]
	at org.springframework.data.repository.core.support.AbstractRepositoryMetadata.getMetadata(AbstractRepositoryMetadata.java:73) ~[spring-data-commons-2.1.2.RELEASE.jar:2.1.2.RELEASE]
	at org.springframework.data.repository.config.RepositoryConfigurationExtensionSupport.getRepositoryConfigurations(RepositoryConfigurationExtensionSupport.java:99) ~[spring-data-commons-2.1.2.RELEASE.jar:2.1.2.RELEASE]
	at org.springframework.data.repository.config.RepositoryConfigurationDelegate.registerRepositoriesIn(RepositoryConfigurationDelegate.java:145) ~[spring-data-commons-2.1.2.RELEASE.jar:2.1.2.RELEASE]
	at org.springframework.boot.autoconfigure.data.AbstractRepositoryConfigurationSourceSupport.registerBeanDefinitions(AbstractRepositoryConfigurationSourceSupport.java:61) ~[spring-boot-autoconfigure-2.1.0.RELEASE.jar:2.1.0.RELEASE]
	at org.springframework.context.annotation.ConfigurationClassBeanDefinitionReader.lambda$loadBeanDefinitionsFromRegistrars$1(ConfigurationClassBeanDefinitionReader.java:364) ~[spring-context-5.1.2.RELEASE.jar:5.1.2.RELEASE]
	at java.util.LinkedHashMap.forEach(LinkedHashMap.java:684) ~[?:1.8.0_121]
	at org.springframework.context.annotation.ConfigurationClassBeanDefinitionReader.loadBeanDefinitionsFromRegistrars(ConfigurationClassBeanDefinitionReader.java:363) ~[spring-context-5.1.2.RELEASE.jar:5.1.2.RELEASE]
	at org.springframework.context.annotation.ConfigurationClassBeanDefinitionReader.loadBeanDefinitionsForConfigurationClass(ConfigurationClassBeanDefinitionReader.java:145) ~[spring-context-5.1.2.RELEASE.jar:5.1.2.RELEASE]
	at org.springframework.context.annotation.ConfigurationClassBeanDefinitionReader.loadBeanDefinitions(ConfigurationClassBeanDefinitionReader.java:117) ~[spring-context-5.1.2.RELEASE.jar:5.1.2.RELEASE]
	at org.springframework.context.annotation.ConfigurationClassPostProcessor.processConfigBeanDefinitions(ConfigurationClassPostProcessor.java:327) ~[spring-context-5.1.2.RELEASE.jar:5.1.2.RELEASE]
	at org.springframework.context.annotation.ConfigurationClassPostProcessor.postProcessBeanDefinitionRegistry(ConfigurationClassPostProcessor.java:232) ~[spring-context-5.1.2.RELEASE.jar:5.1.2.RELEASE]
	at org.springframework.context.support.PostProcessorRegistrationDelegate.invokeBeanDefinitionRegistryPostProcessors(PostProcessorRegistrationDelegate.java:275) ~[spring-context-5.1.2.RELEASE.jar:5.1.2.RELEASE]
	at org.springframework.context.support.PostProcessorRegistrationDelegate.invokeBeanFactoryPostProcessors(PostProcessorRegistrationDelegate.java:95) ~[spring-context-5.1.2.RELEASE.jar:5.1.2.RELEASE]
	at org.springframework.context.support.AbstractApplicationContext.invokeBeanFactoryPostProcessors(AbstractApplicationContext.java:691) ~[spring-context-5.1.2.RELEASE.jar:5.1.2.RELEASE]
	at org.springframework.context.support.AbstractApplicationContext.refresh(AbstractApplicationContext.java:528) ~[spring-context-5.1.2.RELEASE.jar:5.1.2.RELEASE]
	at org.springframework.boot.web.servlet.context.ServletWebServerApplicationContext.refresh(ServletWebServerApplicationContext.java:140) ~[spring-boot-2.1.0.RELEASE.jar:2.1.0.RELEASE]
	at org.springframework.boot.SpringApplication.refresh(SpringApplication.java:775) [spring-boot-2.1.0.RELEASE.jar:2.1.0.RELEASE]
	at org.springframework.boot.SpringApplication.refreshContext(SpringApplication.java:397) [spring-boot-2.1.0.RELEASE.jar:2.1.0.RELEASE]
	at org.springframework.boot.SpringApplication.run(SpringApplication.java:316) [spring-boot-2.1.0.RELEASE.jar:2.1.0.RELEASE]
	at org.springframework.boot.SpringApplication.run(SpringApplication.java:1260) [spring-boot-2.1.0.RELEASE.jar:2.1.0.RELEASE]
	at org.springframework.boot.SpringApplication.run(SpringApplication.java:1248) [spring-boot-2.1.0.RELEASE.jar:2.1.0.RELEASE]
	at org.stfc.StfcApplication.main(StfcApplication.java:16) [classes/:?]
	at sun.reflect.NativeMethodAccessorImpl.invoke0(Native Method) ~[?:1.8.0_121]
	at sun.reflect.NativeMethodAccessorImpl.invoke(NativeMethodAccessorImpl.java:62) ~[?:1.8.0_121]
	at sun.reflect.DelegatingMethodAccessorImpl.invoke(DelegatingMethodAccessorImpl.java:43) ~[?:1.8.0_121]
	at java.lang.reflect.Method.invoke(Method.java:498) ~[?:1.8.0_121]
	at org.springframework.boot.devtools.restart.RestartLauncher.run(RestartLauncher.java:49) [spring-boot-devtools-2.1.0.RELEASE.jar:2.1.0.RELEASE]
Caused by: java.lang.ClassNotFoundException: org.stfc.dto.Roles
	at org.springframework.instrument.classloading.ShadowingClassLoader.doLoadClass(ShadowingClassLoader.java:151) ~[spring-context-5.1.2.RELEASE.jar:5.1.2.RELEASE]
	at org.springframework.instrument.classloading.ShadowingClassLoader.loadClass(ShadowingClassLoader.java:118) ~[spring-context-5.1.2.RELEASE.jar:5.1.2.RELEASE]
	at java.lang.Class.forName0(Native Method) ~[?:1.8.0_121]
	at java.lang.Class.forName(Class.java:348) ~[?:1.8.0_121]
	at sun.reflect.generics.factory.CoreReflectionFactory.makeNamedType(CoreReflectionFactory.java:114) ~[?:1.8.0_121]
	... 44 more
[INFO ] 2019-04-10 21:16:04.825 [restartedMain] org.stfc.StfcApplication: Starting StfcApplication on dmin-PC with PID 1424 (E:\DONG\STFC\qldt\SOURCE\authen\target\classes started by dmin in E:\DONG\STFC\qldt\SOURCE\authen)
[DEBUG] 2019-04-10 21:16:04.825 [restartedMain] org.stfc.StfcApplication: Running with Spring Boot v2.1.0.RELEASE, Spring v5.1.2.RELEASE
[INFO ] 2019-04-10 21:16:04.825 [restartedMain] org.stfc.StfcApplication: No active profile set, falling back to default profiles: default
[ERROR] 2019-04-10 21:16:05.046 [restartedMain] org.springframework.boot.SpringApplication: Application run failed
java.lang.TypeNotPresentException: Type org.stfc.dto.Roles not present
	at sun.reflect.generics.factory.CoreReflectionFactory.makeNamedType(CoreReflectionFactory.java:117) ~[?:1.8.0_121]
	at sun.reflect.generics.visitor.Reifier.visitClassTypeSignature(Reifier.java:125) ~[?:1.8.0_121]
	at sun.reflect.generics.tree.ClassTypeSignature.accept(ClassTypeSignature.java:49) ~[?:1.8.0_121]
	at sun.reflect.generics.visitor.Reifier.reifyTypeArguments(Reifier.java:68) ~[?:1.8.0_121]
	at sun.reflect.generics.visitor.Reifier.visitClassTypeSignature(Reifier.java:138) ~[?:1.8.0_121]
	at sun.reflect.generics.tree.ClassTypeSignature.accept(ClassTypeSignature.java:49) ~[?:1.8.0_121]
	at sun.reflect.generics.repository.ClassRepository.getSuperInterfaces(ClassRepository.java:108) ~[?:1.8.0_121]
	at java.lang.Class.getGenericInterfaces(Class.java:913) ~[?:1.8.0_121]
	at org.springframework.core.ResolvableType.getInterfaces(ResolvableType.java:491) ~[spring-core-5.1.2.RELEASE.jar:5.1.2.RELEASE]
	at org.springframework.core.GenericTypeResolver.buildTypeVariableMap(GenericTypeResolver.java:269) ~[spring-core-5.1.2.RELEASE.jar:5.1.2.RELEASE]
	at org.springframework.core.GenericTypeResolver.getTypeVariableMap(GenericTypeResolver.java:246) ~[spring-core-5.1.2.RELEASE.jar:5.1.2.RELEASE]
	at org.springframework.data.util.ClassTypeInformation.getTypeVariableMap(ClassTypeInformation.java:115) ~[spring-data-commons-2.1.2.RELEASE.jar:2.1.2.RELEASE]
	at org.springframework.data.util.ClassTypeInformation.getTypeVariableMap(ClassTypeInformation.java:104) ~[spring-data-commons-2.1.2.RELEASE.jar:2.1.2.RELEASE]
	at org.springframework.data.util.ClassTypeInformation.<init>(ClassTypeInformation.java:93) ~[spring-data-commons-2.1.2.RELEASE.jar:2.1.2.RELEASE]
	at java.util.concurrent.ConcurrentMap.computeIfAbsent(ConcurrentMap.java:324) ~[?:1.8.0_121]
	at org.springframework.data.util.ClassTypeInformation.from(ClassTypeInformation.java:71) ~[spring-data-commons-2.1.2.RELEASE.jar:2.1.2.RELEASE]
	at org.springframework.data.repository.core.support.AbstractRepositoryMetadata.<init>(AbstractRepositoryMetadata.java:58) ~[spring-data-commons-2.1.2.RELEASE.jar:2.1.2.RELEASE]
	at org.springframework.data.repository.core.support.DefaultRepositoryMetadata.<init>(DefaultRepositoryMetadata.java:52) ~[spring-data-commons-2.1.2.RELEASE.jar:2.1.2.RELEASE]
	at org.springframework.data.repository.core.support.AbstractRepositoryMetadata.getMetadata(AbstractRepositoryMetadata.java:73) ~[spring-data-commons-2.1.2.RELEASE.jar:2.1.2.RELEASE]
	at org.springframework.data.repository.config.RepositoryConfigurationExtensionSupport.getRepositoryConfigurations(RepositoryConfigurationExtensionSupport.java:99) ~[spring-data-commons-2.1.2.RELEASE.jar:2.1.2.RELEASE]
	at org.springframework.data.repository.config.RepositoryConfigurationDelegate.registerRepositoriesIn(RepositoryConfigurationDelegate.java:145) ~[spring-data-commons-2.1.2.RELEASE.jar:2.1.2.RELEASE]
	at org.springframework.boot.autoconfigure.data.AbstractRepositoryConfigurationSourceSupport.registerBeanDefinitions(AbstractRepositoryConfigurationSourceSupport.java:61) ~[spring-boot-autoconfigure-2.1.0.RELEASE.jar:2.1.0.RELEASE]
	at org.springframework.context.annotation.ConfigurationClassBeanDefinitionReader.lambda$loadBeanDefinitionsFromRegistrars$1(ConfigurationClassBeanDefinitionReader.java:364) ~[spring-context-5.1.2.RELEASE.jar:5.1.2.RELEASE]
	at java.util.LinkedHashMap.forEach(LinkedHashMap.java:684) ~[?:1.8.0_121]
	at org.springframework.context.annotation.ConfigurationClassBeanDefinitionReader.loadBeanDefinitionsFromRegistrars(ConfigurationClassBeanDefinitionReader.java:363) ~[spring-context-5.1.2.RELEASE.jar:5.1.2.RELEASE]
	at org.springframework.context.annotation.ConfigurationClassBeanDefinitionReader.loadBeanDefinitionsForConfigurationClass(ConfigurationClassBeanDefinitionReader.java:145) ~[spring-context-5.1.2.RELEASE.jar:5.1.2.RELEASE]
	at org.springframework.context.annotation.ConfigurationClassBeanDefinitionReader.loadBeanDefinitions(ConfigurationClassBeanDefinitionReader.java:117) ~[spring-context-5.1.2.RELEASE.jar:5.1.2.RELEASE]
	at org.springframework.context.annotation.ConfigurationClassPostProcessor.processConfigBeanDefinitions(ConfigurationClassPostProcessor.java:327) ~[spring-context-5.1.2.RELEASE.jar:5.1.2.RELEASE]
	at org.springframework.context.annotation.ConfigurationClassPostProcessor.postProcessBeanDefinitionRegistry(ConfigurationClassPostProcessor.java:232) ~[spring-context-5.1.2.RELEASE.jar:5.1.2.RELEASE]
	at org.springframework.context.support.PostProcessorRegistrationDelegate.invokeBeanDefinitionRegistryPostProcessors(PostProcessorRegistrationDelegate.java:275) ~[spring-context-5.1.2.RELEASE.jar:5.1.2.RELEASE]
	at org.springframework.context.support.PostProcessorRegistrationDelegate.invokeBeanFactoryPostProcessors(PostProcessorRegistrationDelegate.java:95) ~[spring-context-5.1.2.RELEASE.jar:5.1.2.RELEASE]
	at org.springframework.context.support.AbstractApplicationContext.invokeBeanFactoryPostProcessors(AbstractApplicationContext.java:691) ~[spring-context-5.1.2.RELEASE.jar:5.1.2.RELEASE]
	at org.springframework.context.support.AbstractApplicationContext.refresh(AbstractApplicationContext.java:528) ~[spring-context-5.1.2.RELEASE.jar:5.1.2.RELEASE]
	at org.springframework.boot.web.servlet.context.ServletWebServerApplicationContext.refresh(ServletWebServerApplicationContext.java:140) ~[spring-boot-2.1.0.RELEASE.jar:2.1.0.RELEASE]
	at org.springframework.boot.SpringApplication.refresh(SpringApplication.java:775) [spring-boot-2.1.0.RELEASE.jar:2.1.0.RELEASE]
	at org.springframework.boot.SpringApplication.refreshContext(SpringApplication.java:397) [spring-boot-2.1.0.RELEASE.jar:2.1.0.RELEASE]
	at org.springframework.boot.SpringApplication.run(SpringApplication.java:316) [spring-boot-2.1.0.RELEASE.jar:2.1.0.RELEASE]
	at org.springframework.boot.SpringApplication.run(SpringApplication.java:1260) [spring-boot-2.1.0.RELEASE.jar:2.1.0.RELEASE]
	at org.springframework.boot.SpringApplication.run(SpringApplication.java:1248) [spring-boot-2.1.0.RELEASE.jar:2.1.0.RELEASE]
	at org.stfc.StfcApplication.main(StfcApplication.java:16) [classes/:?]
	at sun.reflect.NativeMethodAccessorImpl.invoke0(Native Method) ~[?:1.8.0_121]
	at sun.reflect.NativeMethodAccessorImpl.invoke(NativeMethodAccessorImpl.java:62) ~[?:1.8.0_121]
	at sun.reflect.DelegatingMethodAccessorImpl.invoke(DelegatingMethodAccessorImpl.java:43) ~[?:1.8.0_121]
	at java.lang.reflect.Method.invoke(Method.java:498) ~[?:1.8.0_121]
	at org.springframework.boot.devtools.restart.RestartLauncher.run(RestartLauncher.java:49) [spring-boot-devtools-2.1.0.RELEASE.jar:2.1.0.RELEASE]
Caused by: java.lang.ClassNotFoundException: org.stfc.dto.Roles
	at org.springframework.instrument.classloading.ShadowingClassLoader.doLoadClass(ShadowingClassLoader.java:151) ~[spring-context-5.1.2.RELEASE.jar:5.1.2.RELEASE]
	at org.springframework.instrument.classloading.ShadowingClassLoader.loadClass(ShadowingClassLoader.java:118) ~[spring-context-5.1.2.RELEASE.jar:5.1.2.RELEASE]
	at java.lang.Class.forName0(Native Method) ~[?:1.8.0_121]
	at java.lang.Class.forName(Class.java:348) ~[?:1.8.0_121]
	at sun.reflect.generics.factory.CoreReflectionFactory.makeNamedType(CoreReflectionFactory.java:114) ~[?:1.8.0_121]
	... 44 more
[INFO ] 2019-04-10 21:16:18.509 [restartedMain] org.stfc.StfcApplication: Starting StfcApplication on dmin-PC with PID 1424 (E:\DONG\STFC\qldt\SOURCE\authen\target\classes started by dmin in E:\DONG\STFC\qldt\SOURCE\authen)
[DEBUG] 2019-04-10 21:16:18.509 [restartedMain] org.stfc.StfcApplication: Running with Spring Boot v2.1.0.RELEASE, Spring v5.1.2.RELEASE
[INFO ] 2019-04-10 21:16:18.509 [restartedMain] org.stfc.StfcApplication: No active profile set, falling back to default profiles: default
[ERROR] 2019-04-10 21:16:18.755 [restartedMain] org.springframework.boot.SpringApplication: Application run failed
java.lang.TypeNotPresentException: Type org.stfc.dto.Roles not present
	at sun.reflect.generics.factory.CoreReflectionFactory.makeNamedType(CoreReflectionFactory.java:117) ~[?:1.8.0_121]
	at sun.reflect.generics.visitor.Reifier.visitClassTypeSignature(Reifier.java:125) ~[?:1.8.0_121]
	at sun.reflect.generics.tree.ClassTypeSignature.accept(ClassTypeSignature.java:49) ~[?:1.8.0_121]
	at sun.reflect.generics.visitor.Reifier.reifyTypeArguments(Reifier.java:68) ~[?:1.8.0_121]
	at sun.reflect.generics.visitor.Reifier.visitClassTypeSignature(Reifier.java:138) ~[?:1.8.0_121]
	at sun.reflect.generics.tree.ClassTypeSignature.accept(ClassTypeSignature.java:49) ~[?:1.8.0_121]
	at sun.reflect.generics.repository.ClassRepository.getSuperInterfaces(ClassRepository.java:108) ~[?:1.8.0_121]
	at java.lang.Class.getGenericInterfaces(Class.java:913) ~[?:1.8.0_121]
	at org.springframework.core.ResolvableType.getInterfaces(ResolvableType.java:491) ~[spring-core-5.1.2.RELEASE.jar:5.1.2.RELEASE]
	at org.springframework.core.GenericTypeResolver.buildTypeVariableMap(GenericTypeResolver.java:269) ~[spring-core-5.1.2.RELEASE.jar:5.1.2.RELEASE]
	at org.springframework.core.GenericTypeResolver.getTypeVariableMap(GenericTypeResolver.java:246) ~[spring-core-5.1.2.RELEASE.jar:5.1.2.RELEASE]
	at org.springframework.data.util.ClassTypeInformation.getTypeVariableMap(ClassTypeInformation.java:115) ~[spring-data-commons-2.1.2.RELEASE.jar:2.1.2.RELEASE]
	at org.springframework.data.util.ClassTypeInformation.getTypeVariableMap(ClassTypeInformation.java:104) ~[spring-data-commons-2.1.2.RELEASE.jar:2.1.2.RELEASE]
	at org.springframework.data.util.ClassTypeInformation.<init>(ClassTypeInformation.java:93) ~[spring-data-commons-2.1.2.RELEASE.jar:2.1.2.RELEASE]
	at java.util.concurrent.ConcurrentMap.computeIfAbsent(ConcurrentMap.java:324) ~[?:1.8.0_121]
	at org.springframework.data.util.ClassTypeInformation.from(ClassTypeInformation.java:71) ~[spring-data-commons-2.1.2.RELEASE.jar:2.1.2.RELEASE]
	at org.springframework.data.repository.core.support.AbstractRepositoryMetadata.<init>(AbstractRepositoryMetadata.java:58) ~[spring-data-commons-2.1.2.RELEASE.jar:2.1.2.RELEASE]
	at org.springframework.data.repository.core.support.DefaultRepositoryMetadata.<init>(DefaultRepositoryMetadata.java:52) ~[spring-data-commons-2.1.2.RELEASE.jar:2.1.2.RELEASE]
	at org.springframework.data.repository.core.support.AbstractRepositoryMetadata.getMetadata(AbstractRepositoryMetadata.java:73) ~[spring-data-commons-2.1.2.RELEASE.jar:2.1.2.RELEASE]
	at org.springframework.data.repository.config.RepositoryConfigurationExtensionSupport.getRepositoryConfigurations(RepositoryConfigurationExtensionSupport.java:99) ~[spring-data-commons-2.1.2.RELEASE.jar:2.1.2.RELEASE]
	at org.springframework.data.repository.config.RepositoryConfigurationDelegate.registerRepositoriesIn(RepositoryConfigurationDelegate.java:145) ~[spring-data-commons-2.1.2.RELEASE.jar:2.1.2.RELEASE]
	at org.springframework.boot.autoconfigure.data.AbstractRepositoryConfigurationSourceSupport.registerBeanDefinitions(AbstractRepositoryConfigurationSourceSupport.java:61) ~[spring-boot-autoconfigure-2.1.0.RELEASE.jar:2.1.0.RELEASE]
	at org.springframework.context.annotation.ConfigurationClassBeanDefinitionReader.lambda$loadBeanDefinitionsFromRegistrars$1(ConfigurationClassBeanDefinitionReader.java:364) ~[spring-context-5.1.2.RELEASE.jar:5.1.2.RELEASE]
	at java.util.LinkedHashMap.forEach(LinkedHashMap.java:684) ~[?:1.8.0_121]
	at org.springframework.context.annotation.ConfigurationClassBeanDefinitionReader.loadBeanDefinitionsFromRegistrars(ConfigurationClassBeanDefinitionReader.java:363) ~[spring-context-5.1.2.RELEASE.jar:5.1.2.RELEASE]
	at org.springframework.context.annotation.ConfigurationClassBeanDefinitionReader.loadBeanDefinitionsForConfigurationClass(ConfigurationClassBeanDefinitionReader.java:145) ~[spring-context-5.1.2.RELEASE.jar:5.1.2.RELEASE]
	at org.springframework.context.annotation.ConfigurationClassBeanDefinitionReader.loadBeanDefinitions(ConfigurationClassBeanDefinitionReader.java:117) ~[spring-context-5.1.2.RELEASE.jar:5.1.2.RELEASE]
	at org.springframework.context.annotation.ConfigurationClassPostProcessor.processConfigBeanDefinitions(ConfigurationClassPostProcessor.java:327) ~[spring-context-5.1.2.RELEASE.jar:5.1.2.RELEASE]
	at org.springframework.context.annotation.ConfigurationClassPostProcessor.postProcessBeanDefinitionRegistry(ConfigurationClassPostProcessor.java:232) ~[spring-context-5.1.2.RELEASE.jar:5.1.2.RELEASE]
	at org.springframework.context.support.PostProcessorRegistrationDelegate.invokeBeanDefinitionRegistryPostProcessors(PostProcessorRegistrationDelegate.java:275) ~[spring-context-5.1.2.RELEASE.jar:5.1.2.RELEASE]
	at org.springframework.context.support.PostProcessorRegistrationDelegate.invokeBeanFactoryPostProcessors(PostProcessorRegistrationDelegate.java:95) ~[spring-context-5.1.2.RELEASE.jar:5.1.2.RELEASE]
	at org.springframework.context.support.AbstractApplicationContext.invokeBeanFactoryPostProcessors(AbstractApplicationContext.java:691) ~[spring-context-5.1.2.RELEASE.jar:5.1.2.RELEASE]
	at org.springframework.context.support.AbstractApplicationContext.refresh(AbstractApplicationContext.java:528) ~[spring-context-5.1.2.RELEASE.jar:5.1.2.RELEASE]
	at org.springframework.boot.web.servlet.context.ServletWebServerApplicationContext.refresh(ServletWebServerApplicationContext.java:140) ~[spring-boot-2.1.0.RELEASE.jar:2.1.0.RELEASE]
	at org.springframework.boot.SpringApplication.refresh(SpringApplication.java:775) [spring-boot-2.1.0.RELEASE.jar:2.1.0.RELEASE]
	at org.springframework.boot.SpringApplication.refreshContext(SpringApplication.java:397) [spring-boot-2.1.0.RELEASE.jar:2.1.0.RELEASE]
	at org.springframework.boot.SpringApplication.run(SpringApplication.java:316) [spring-boot-2.1.0.RELEASE.jar:2.1.0.RELEASE]
	at org.springframework.boot.SpringApplication.run(SpringApplication.java:1260) [spring-boot-2.1.0.RELEASE.jar:2.1.0.RELEASE]
	at org.springframework.boot.SpringApplication.run(SpringApplication.java:1248) [spring-boot-2.1.0.RELEASE.jar:2.1.0.RELEASE]
	at org.stfc.StfcApplication.main(StfcApplication.java:16) [classes/:?]
	at sun.reflect.NativeMethodAccessorImpl.invoke0(Native Method) ~[?:1.8.0_121]
	at sun.reflect.NativeMethodAccessorImpl.invoke(NativeMethodAccessorImpl.java:62) ~[?:1.8.0_121]
	at sun.reflect.DelegatingMethodAccessorImpl.invoke(DelegatingMethodAccessorImpl.java:43) ~[?:1.8.0_121]
	at java.lang.reflect.Method.invoke(Method.java:498) ~[?:1.8.0_121]
	at org.springframework.boot.devtools.restart.RestartLauncher.run(RestartLauncher.java:49) [spring-boot-devtools-2.1.0.RELEASE.jar:2.1.0.RELEASE]
Caused by: java.lang.ClassNotFoundException: org.stfc.dto.Roles
	at org.springframework.instrument.classloading.ShadowingClassLoader.doLoadClass(ShadowingClassLoader.java:151) ~[spring-context-5.1.2.RELEASE.jar:5.1.2.RELEASE]
	at org.springframework.instrument.classloading.ShadowingClassLoader.loadClass(ShadowingClassLoader.java:118) ~[spring-context-5.1.2.RELEASE.jar:5.1.2.RELEASE]
	at java.lang.Class.forName0(Native Method) ~[?:1.8.0_121]
	at java.lang.Class.forName(Class.java:348) ~[?:1.8.0_121]
	at sun.reflect.generics.factory.CoreReflectionFactory.makeNamedType(CoreReflectionFactory.java:114) ~[?:1.8.0_121]
	... 44 more
[INFO ] 2019-04-10 21:20:59.222 [restartedMain] org.stfc.StfcApplication: Starting StfcApplication on dmin-PC with PID 1424 (E:\DONG\STFC\qldt\SOURCE\authen\target\classes started by dmin in E:\DONG\STFC\qldt\SOURCE\authen)
[DEBUG] 2019-04-10 21:20:59.222 [restartedMain] org.stfc.StfcApplication: Running with Spring Boot v2.1.0.RELEASE, Spring v5.1.2.RELEASE
[INFO ] 2019-04-10 21:20:59.222 [restartedMain] org.stfc.StfcApplication: No active profile set, falling back to default profiles: default
[ERROR] 2019-04-10 21:20:59.522 [restartedMain] org.springframework.boot.SpringApplication: Application run failed
java.lang.TypeNotPresentException: Type org.stfc.dto.Roles not present
	at sun.reflect.generics.factory.CoreReflectionFactory.makeNamedType(CoreReflectionFactory.java:117) ~[?:1.8.0_121]
	at sun.reflect.generics.visitor.Reifier.visitClassTypeSignature(Reifier.java:125) ~[?:1.8.0_121]
	at sun.reflect.generics.tree.ClassTypeSignature.accept(ClassTypeSignature.java:49) ~[?:1.8.0_121]
	at sun.reflect.generics.visitor.Reifier.reifyTypeArguments(Reifier.java:68) ~[?:1.8.0_121]
	at sun.reflect.generics.visitor.Reifier.visitClassTypeSignature(Reifier.java:138) ~[?:1.8.0_121]
	at sun.reflect.generics.tree.ClassTypeSignature.accept(ClassTypeSignature.java:49) ~[?:1.8.0_121]
	at sun.reflect.generics.repository.ClassRepository.getSuperInterfaces(ClassRepository.java:108) ~[?:1.8.0_121]
	at java.lang.Class.getGenericInterfaces(Class.java:913) ~[?:1.8.0_121]
	at org.springframework.core.ResolvableType.getInterfaces(ResolvableType.java:491) ~[spring-core-5.1.2.RELEASE.jar:5.1.2.RELEASE]
	at org.springframework.core.GenericTypeResolver.buildTypeVariableMap(GenericTypeResolver.java:269) ~[spring-core-5.1.2.RELEASE.jar:5.1.2.RELEASE]
	at org.springframework.core.GenericTypeResolver.getTypeVariableMap(GenericTypeResolver.java:246) ~[spring-core-5.1.2.RELEASE.jar:5.1.2.RELEASE]
	at org.springframework.data.util.ClassTypeInformation.getTypeVariableMap(ClassTypeInformation.java:115) ~[spring-data-commons-2.1.2.RELEASE.jar:2.1.2.RELEASE]
	at org.springframework.data.util.ClassTypeInformation.getTypeVariableMap(ClassTypeInformation.java:104) ~[spring-data-commons-2.1.2.RELEASE.jar:2.1.2.RELEASE]
	at org.springframework.data.util.ClassTypeInformation.<init>(ClassTypeInformation.java:93) ~[spring-data-commons-2.1.2.RELEASE.jar:2.1.2.RELEASE]
	at java.util.concurrent.ConcurrentMap.computeIfAbsent(ConcurrentMap.java:324) ~[?:1.8.0_121]
	at org.springframework.data.util.ClassTypeInformation.from(ClassTypeInformation.java:71) ~[spring-data-commons-2.1.2.RELEASE.jar:2.1.2.RELEASE]
	at org.springframework.data.repository.core.support.AbstractRepositoryMetadata.<init>(AbstractRepositoryMetadata.java:58) ~[spring-data-commons-2.1.2.RELEASE.jar:2.1.2.RELEASE]
	at org.springframework.data.repository.core.support.DefaultRepositoryMetadata.<init>(DefaultRepositoryMetadata.java:52) ~[spring-data-commons-2.1.2.RELEASE.jar:2.1.2.RELEASE]
	at org.springframework.data.repository.core.support.AbstractRepositoryMetadata.getMetadata(AbstractRepositoryMetadata.java:73) ~[spring-data-commons-2.1.2.RELEASE.jar:2.1.2.RELEASE]
	at org.springframework.data.repository.config.RepositoryConfigurationExtensionSupport.getRepositoryConfigurations(RepositoryConfigurationExtensionSupport.java:99) ~[spring-data-commons-2.1.2.RELEASE.jar:2.1.2.RELEASE]
	at org.springframework.data.repository.config.RepositoryConfigurationDelegate.registerRepositoriesIn(RepositoryConfigurationDelegate.java:145) ~[spring-data-commons-2.1.2.RELEASE.jar:2.1.2.RELEASE]
	at org.springframework.boot.autoconfigure.data.AbstractRepositoryConfigurationSourceSupport.registerBeanDefinitions(AbstractRepositoryConfigurationSourceSupport.java:61) ~[spring-boot-autoconfigure-2.1.0.RELEASE.jar:2.1.0.RELEASE]
	at org.springframework.context.annotation.ConfigurationClassBeanDefinitionReader.lambda$loadBeanDefinitionsFromRegistrars$1(ConfigurationClassBeanDefinitionReader.java:364) ~[spring-context-5.1.2.RELEASE.jar:5.1.2.RELEASE]
	at java.util.LinkedHashMap.forEach(LinkedHashMap.java:684) ~[?:1.8.0_121]
	at org.springframework.context.annotation.ConfigurationClassBeanDefinitionReader.loadBeanDefinitionsFromRegistrars(ConfigurationClassBeanDefinitionReader.java:363) ~[spring-context-5.1.2.RELEASE.jar:5.1.2.RELEASE]
	at org.springframework.context.annotation.ConfigurationClassBeanDefinitionReader.loadBeanDefinitionsForConfigurationClass(ConfigurationClassBeanDefinitionReader.java:145) ~[spring-context-5.1.2.RELEASE.jar:5.1.2.RELEASE]
	at org.springframework.context.annotation.ConfigurationClassBeanDefinitionReader.loadBeanDefinitions(ConfigurationClassBeanDefinitionReader.java:117) ~[spring-context-5.1.2.RELEASE.jar:5.1.2.RELEASE]
	at org.springframework.context.annotation.ConfigurationClassPostProcessor.processConfigBeanDefinitions(ConfigurationClassPostProcessor.java:327) ~[spring-context-5.1.2.RELEASE.jar:5.1.2.RELEASE]
	at org.springframework.context.annotation.ConfigurationClassPostProcessor.postProcessBeanDefinitionRegistry(ConfigurationClassPostProcessor.java:232) ~[spring-context-5.1.2.RELEASE.jar:5.1.2.RELEASE]
	at org.springframework.context.support.PostProcessorRegistrationDelegate.invokeBeanDefinitionRegistryPostProcessors(PostProcessorRegistrationDelegate.java:275) ~[spring-context-5.1.2.RELEASE.jar:5.1.2.RELEASE]
	at org.springframework.context.support.PostProcessorRegistrationDelegate.invokeBeanFactoryPostProcessors(PostProcessorRegistrationDelegate.java:95) ~[spring-context-5.1.2.RELEASE.jar:5.1.2.RELEASE]
	at org.springframework.context.support.AbstractApplicationContext.invokeBeanFactoryPostProcessors(AbstractApplicationContext.java:691) ~[spring-context-5.1.2.RELEASE.jar:5.1.2.RELEASE]
	at org.springframework.context.support.AbstractApplicationContext.refresh(AbstractApplicationContext.java:528) ~[spring-context-5.1.2.RELEASE.jar:5.1.2.RELEASE]
	at org.springframework.boot.web.servlet.context.ServletWebServerApplicationContext.refresh(ServletWebServerApplicationContext.java:140) ~[spring-boot-2.1.0.RELEASE.jar:2.1.0.RELEASE]
	at org.springframework.boot.SpringApplication.refresh(SpringApplication.java:775) [spring-boot-2.1.0.RELEASE.jar:2.1.0.RELEASE]
	at org.springframework.boot.SpringApplication.refreshContext(SpringApplication.java:397) [spring-boot-2.1.0.RELEASE.jar:2.1.0.RELEASE]
	at org.springframework.boot.SpringApplication.run(SpringApplication.java:316) [spring-boot-2.1.0.RELEASE.jar:2.1.0.RELEASE]
	at org.springframework.boot.SpringApplication.run(SpringApplication.java:1260) [spring-boot-2.1.0.RELEASE.jar:2.1.0.RELEASE]
	at org.springframework.boot.SpringApplication.run(SpringApplication.java:1248) [spring-boot-2.1.0.RELEASE.jar:2.1.0.RELEASE]
	at org.stfc.StfcApplication.main(StfcApplication.java:16) [classes/:?]
	at sun.reflect.NativeMethodAccessorImpl.invoke0(Native Method) ~[?:1.8.0_121]
	at sun.reflect.NativeMethodAccessorImpl.invoke(NativeMethodAccessorImpl.java:62) ~[?:1.8.0_121]
	at sun.reflect.DelegatingMethodAccessorImpl.invoke(DelegatingMethodAccessorImpl.java:43) ~[?:1.8.0_121]
	at java.lang.reflect.Method.invoke(Method.java:498) ~[?:1.8.0_121]
	at org.springframework.boot.devtools.restart.RestartLauncher.run(RestartLauncher.java:49) [spring-boot-devtools-2.1.0.RELEASE.jar:2.1.0.RELEASE]
Caused by: java.lang.ClassNotFoundException: org.stfc.dto.Roles
	at org.springframework.instrument.classloading.ShadowingClassLoader.doLoadClass(ShadowingClassLoader.java:151) ~[spring-context-5.1.2.RELEASE.jar:5.1.2.RELEASE]
	at org.springframework.instrument.classloading.ShadowingClassLoader.loadClass(ShadowingClassLoader.java:118) ~[spring-context-5.1.2.RELEASE.jar:5.1.2.RELEASE]
	at java.lang.Class.forName0(Native Method) ~[?:1.8.0_121]
	at java.lang.Class.forName(Class.java:348) ~[?:1.8.0_121]
	at sun.reflect.generics.factory.CoreReflectionFactory.makeNamedType(CoreReflectionFactory.java:114) ~[?:1.8.0_121]
	... 44 more
[INFO ] 2019-04-10 21:21:00.949 [restartedMain] org.stfc.StfcApplication: Starting StfcApplication on dmin-PC with PID 1424 (E:\DONG\STFC\qldt\SOURCE\authen\target\classes started by dmin in E:\DONG\STFC\qldt\SOURCE\authen)
[DEBUG] 2019-04-10 21:21:00.949 [restartedMain] org.stfc.StfcApplication: Running with Spring Boot v2.1.0.RELEASE, Spring v5.1.2.RELEASE
[INFO ] 2019-04-10 21:21:00.949 [restartedMain] org.stfc.StfcApplication: No active profile set, falling back to default profiles: default
[ERROR] 2019-04-10 21:21:01.129 [restartedMain] org.springframework.boot.SpringApplication: Application run failed
java.lang.TypeNotPresentException: Type org.stfc.dto.Roles not present
	at sun.reflect.generics.factory.CoreReflectionFactory.makeNamedType(CoreReflectionFactory.java:117) ~[?:1.8.0_121]
	at sun.reflect.generics.visitor.Reifier.visitClassTypeSignature(Reifier.java:125) ~[?:1.8.0_121]
	at sun.reflect.generics.tree.ClassTypeSignature.accept(ClassTypeSignature.java:49) ~[?:1.8.0_121]
	at sun.reflect.generics.visitor.Reifier.reifyTypeArguments(Reifier.java:68) ~[?:1.8.0_121]
	at sun.reflect.generics.visitor.Reifier.visitClassTypeSignature(Reifier.java:138) ~[?:1.8.0_121]
	at sun.reflect.generics.tree.ClassTypeSignature.accept(ClassTypeSignature.java:49) ~[?:1.8.0_121]
	at sun.reflect.generics.repository.ClassRepository.getSuperInterfaces(ClassRepository.java:108) ~[?:1.8.0_121]
	at java.lang.Class.getGenericInterfaces(Class.java:913) ~[?:1.8.0_121]
	at org.springframework.core.ResolvableType.getInterfaces(ResolvableType.java:491) ~[spring-core-5.1.2.RELEASE.jar:5.1.2.RELEASE]
	at org.springframework.core.GenericTypeResolver.buildTypeVariableMap(GenericTypeResolver.java:269) ~[spring-core-5.1.2.RELEASE.jar:5.1.2.RELEASE]
	at org.springframework.core.GenericTypeResolver.getTypeVariableMap(GenericTypeResolver.java:246) ~[spring-core-5.1.2.RELEASE.jar:5.1.2.RELEASE]
	at org.springframework.data.util.ClassTypeInformation.getTypeVariableMap(ClassTypeInformation.java:115) ~[spring-data-commons-2.1.2.RELEASE.jar:2.1.2.RELEASE]
	at org.springframework.data.util.ClassTypeInformation.getTypeVariableMap(ClassTypeInformation.java:104) ~[spring-data-commons-2.1.2.RELEASE.jar:2.1.2.RELEASE]
	at org.springframework.data.util.ClassTypeInformation.<init>(ClassTypeInformation.java:93) ~[spring-data-commons-2.1.2.RELEASE.jar:2.1.2.RELEASE]
	at java.util.concurrent.ConcurrentMap.computeIfAbsent(ConcurrentMap.java:324) ~[?:1.8.0_121]
	at org.springframework.data.util.ClassTypeInformation.from(ClassTypeInformation.java:71) ~[spring-data-commons-2.1.2.RELEASE.jar:2.1.2.RELEASE]
	at org.springframework.data.repository.core.support.AbstractRepositoryMetadata.<init>(AbstractRepositoryMetadata.java:58) ~[spring-data-commons-2.1.2.RELEASE.jar:2.1.2.RELEASE]
	at org.springframework.data.repository.core.support.DefaultRepositoryMetadata.<init>(DefaultRepositoryMetadata.java:52) ~[spring-data-commons-2.1.2.RELEASE.jar:2.1.2.RELEASE]
	at org.springframework.data.repository.core.support.AbstractRepositoryMetadata.getMetadata(AbstractRepositoryMetadata.java:73) ~[spring-data-commons-2.1.2.RELEASE.jar:2.1.2.RELEASE]
	at org.springframework.data.repository.config.RepositoryConfigurationExtensionSupport.getRepositoryConfigurations(RepositoryConfigurationExtensionSupport.java:99) ~[spring-data-commons-2.1.2.RELEASE.jar:2.1.2.RELEASE]
	at org.springframework.data.repository.config.RepositoryConfigurationDelegate.registerRepositoriesIn(RepositoryConfigurationDelegate.java:145) ~[spring-data-commons-2.1.2.RELEASE.jar:2.1.2.RELEASE]
	at org.springframework.boot.autoconfigure.data.AbstractRepositoryConfigurationSourceSupport.registerBeanDefinitions(AbstractRepositoryConfigurationSourceSupport.java:61) ~[spring-boot-autoconfigure-2.1.0.RELEASE.jar:2.1.0.RELEASE]
	at org.springframework.context.annotation.ConfigurationClassBeanDefinitionReader.lambda$loadBeanDefinitionsFromRegistrars$1(ConfigurationClassBeanDefinitionReader.java:364) ~[spring-context-5.1.2.RELEASE.jar:5.1.2.RELEASE]
	at java.util.LinkedHashMap.forEach(LinkedHashMap.java:684) ~[?:1.8.0_121]
	at org.springframework.context.annotation.ConfigurationClassBeanDefinitionReader.loadBeanDefinitionsFromRegistrars(ConfigurationClassBeanDefinitionReader.java:363) ~[spring-context-5.1.2.RELEASE.jar:5.1.2.RELEASE]
	at org.springframework.context.annotation.ConfigurationClassBeanDefinitionReader.loadBeanDefinitionsForConfigurationClass(ConfigurationClassBeanDefinitionReader.java:145) ~[spring-context-5.1.2.RELEASE.jar:5.1.2.RELEASE]
	at org.springframework.context.annotation.ConfigurationClassBeanDefinitionReader.loadBeanDefinitions(ConfigurationClassBeanDefinitionReader.java:117) ~[spring-context-5.1.2.RELEASE.jar:5.1.2.RELEASE]
	at org.springframework.context.annotation.ConfigurationClassPostProcessor.processConfigBeanDefinitions(ConfigurationClassPostProcessor.java:327) ~[spring-context-5.1.2.RELEASE.jar:5.1.2.RELEASE]
	at org.springframework.context.annotation.ConfigurationClassPostProcessor.postProcessBeanDefinitionRegistry(ConfigurationClassPostProcessor.java:232) ~[spring-context-5.1.2.RELEASE.jar:5.1.2.RELEASE]
	at org.springframework.context.support.PostProcessorRegistrationDelegate.invokeBeanDefinitionRegistryPostProcessors(PostProcessorRegistrationDelegate.java:275) ~[spring-context-5.1.2.RELEASE.jar:5.1.2.RELEASE]
	at org.springframework.context.support.PostProcessorRegistrationDelegate.invokeBeanFactoryPostProcessors(PostProcessorRegistrationDelegate.java:95) ~[spring-context-5.1.2.RELEASE.jar:5.1.2.RELEASE]
	at org.springframework.context.support.AbstractApplicationContext.invokeBeanFactoryPostProcessors(AbstractApplicationContext.java:691) ~[spring-context-5.1.2.RELEASE.jar:5.1.2.RELEASE]
	at org.springframework.context.support.AbstractApplicationContext.refresh(AbstractApplicationContext.java:528) ~[spring-context-5.1.2.RELEASE.jar:5.1.2.RELEASE]
	at org.springframework.boot.web.servlet.context.ServletWebServerApplicationContext.refresh(ServletWebServerApplicationContext.java:140) ~[spring-boot-2.1.0.RELEASE.jar:2.1.0.RELEASE]
	at org.springframework.boot.SpringApplication.refresh(SpringApplication.java:775) [spring-boot-2.1.0.RELEASE.jar:2.1.0.RELEASE]
	at org.springframework.boot.SpringApplication.refreshContext(SpringApplication.java:397) [spring-boot-2.1.0.RELEASE.jar:2.1.0.RELEASE]
	at org.springframework.boot.SpringApplication.run(SpringApplication.java:316) [spring-boot-2.1.0.RELEASE.jar:2.1.0.RELEASE]
	at org.springframework.boot.SpringApplication.run(SpringApplication.java:1260) [spring-boot-2.1.0.RELEASE.jar:2.1.0.RELEASE]
	at org.springframework.boot.SpringApplication.run(SpringApplication.java:1248) [spring-boot-2.1.0.RELEASE.jar:2.1.0.RELEASE]
	at org.stfc.StfcApplication.main(StfcApplication.java:16) [classes/:?]
	at sun.reflect.NativeMethodAccessorImpl.invoke0(Native Method) ~[?:1.8.0_121]
	at sun.reflect.NativeMethodAccessorImpl.invoke(NativeMethodAccessorImpl.java:62) ~[?:1.8.0_121]
	at sun.reflect.DelegatingMethodAccessorImpl.invoke(DelegatingMethodAccessorImpl.java:43) ~[?:1.8.0_121]
	at java.lang.reflect.Method.invoke(Method.java:498) ~[?:1.8.0_121]
	at org.springframework.boot.devtools.restart.RestartLauncher.run(RestartLauncher.java:49) [spring-boot-devtools-2.1.0.RELEASE.jar:2.1.0.RELEASE]
Caused by: java.lang.ClassNotFoundException: org.stfc.dto.Roles
	at org.springframework.instrument.classloading.ShadowingClassLoader.doLoadClass(ShadowingClassLoader.java:151) ~[spring-context-5.1.2.RELEASE.jar:5.1.2.RELEASE]
	at org.springframework.instrument.classloading.ShadowingClassLoader.loadClass(ShadowingClassLoader.java:118) ~[spring-context-5.1.2.RELEASE.jar:5.1.2.RELEASE]
	at java.lang.Class.forName0(Native Method) ~[?:1.8.0_121]
	at java.lang.Class.forName(Class.java:348) ~[?:1.8.0_121]
	at sun.reflect.generics.factory.CoreReflectionFactory.makeNamedType(CoreReflectionFactory.java:114) ~[?:1.8.0_121]
	... 44 more
