[INFO ] 2019-04-06 21:00:13.713 [restartedMain] org.stfc.StfcApplication: Starting StfcApplication on dmin-PC with PID 5424 (E:\DONG\STFC\qldt\SOURCE\authen\target\classes started by dmin in E:\DONG\STFC\qldt\SOURCE\authen)
[DEBUG] 2019-04-06 21:00:13.726 [restartedMain] org.stfc.StfcApplication: Running with Spring Boot v2.1.0.RELEASE, Spring v5.1.2.RELEASE
[INFO ] 2019-04-06 21:00:13.727 [restartedMain] org.stfc.StfcApplication: No active profile set, falling back to default profiles: default
[INFO ] 2019-04-06 21:00:17.046 [restartedMain] org.apache.coyote.http11.Http11NioProtocol: Initializing ProtocolHandler ["http-nio-9000"]
[INFO ] 2019-04-06 21:00:17.056 [restartedMain] org.apache.catalina.core.StandardService: Starting service [Tomcat]
[INFO ] 2019-04-06 21:00:17.056 [restartedMain] org.apache.catalina.core.StandardEngine: Starting Servlet Engine: Apache Tomcat/9.0.12
[INFO ] 2019-04-06 21:00:17.069 [restartedMain] org.apache.catalina.core.AprLifecycleListener: The APR based Apache Tomcat Native library which allows optimal performance in production environments was not found on the java.library.path: [C:\Program Files\Java\jdk1.8.0_121\bin;C:\Windows\Sun\Java\bin;C:\Windows\system32;C:\Windows;C:\ProgramData\Oracle\Java\javapath;C:\Windows\system32;C:\Windows;C:\Windows\System32\Wbem;C:\Windows\System32\WindowsPowerShell\v1.0\;C:\Program Files\Java\jdk1.8.0_121\bin;C:\Program Files\nodejs\;C:\Program Files\Git\cmd;C:\Program Files\TortoiseGit\bin;C:\Users\dmin\AppData\Local\GitHubDesktop\bin;C:\Users\dmin\AppData\Roaming\npm;.]
[INFO ] 2019-04-06 21:00:17.170 [restartedMain] org.apache.catalina.core.ContainerBase.[Tomcat].[localhost].[/]: Initializing Spring embedded WebApplicationContext
[WARN ] 2019-04-06 21:00:22.417 [restartedMain] org.springframework.boot.autoconfigure.orm.jpa.JpaBaseConfiguration$JpaWebConfiguration$JpaWebMvcConfiguration: spring.jpa.open-in-view is enabled by default. Therefore, database queries may be performed during view rendering. Explicitly configure spring.jpa.open-in-view to disable this warning
[INFO ] 2019-04-06 21:00:23.042 [restartedMain] org.apache.coyote.http11.Http11NioProtocol: Starting ProtocolHandler ["http-nio-9000"]
[INFO ] 2019-04-06 21:00:23.051 [restartedMain] org.apache.tomcat.util.net.NioSelectorPool: Using a shared selector for servlet write/read
[INFO ] 2019-04-06 21:00:23.069 [restartedMain] org.stfc.StfcApplication: Started StfcApplication in 9.717 seconds (JVM running for 10.479)
[INFO ] 2019-04-06 21:01:16.663 [http-nio-9000-exec-1] org.apache.catalina.core.ContainerBase.[Tomcat].[localhost].[/]: Initializing Spring DispatcherServlet 'dispatcherServlet'
[INFO ] 2019-04-06 21:03:37.544 [restartedMain] org.stfc.StfcApplication: Starting StfcApplication on dmin-PC with PID 5424 (E:\DONG\STFC\qldt\SOURCE\authen\target\classes started by dmin in E:\DONG\STFC\qldt\SOURCE\authen)
[DEBUG] 2019-04-06 21:03:37.545 [restartedMain] org.stfc.StfcApplication: Running with Spring Boot v2.1.0.RELEASE, Spring v5.1.2.RELEASE
[INFO ] 2019-04-06 21:03:37.545 [restartedMain] org.stfc.StfcApplication: No active profile set, falling back to default profiles: default
[INFO ] 2019-04-06 21:03:57.570 [restartedMain] org.stfc.StfcApplication: Starting StfcApplication on dmin-PC with PID 6012 (E:\DONG\STFC\qldt\SOURCE\authen\target\classes started by dmin in E:\DONG\STFC\qldt\SOURCE\authen)
[DEBUG] 2019-04-06 21:03:57.574 [restartedMain] org.stfc.StfcApplication: Running with Spring Boot v2.1.0.RELEASE, Spring v5.1.2.RELEASE
[INFO ] 2019-04-06 21:03:57.575 [restartedMain] org.stfc.StfcApplication: No active profile set, falling back to default profiles: default
[INFO ] 2019-04-06 21:03:59.569 [restartedMain] org.apache.coyote.http11.Http11NioProtocol: Initializing ProtocolHandler ["http-nio-9000"]
[INFO ] 2019-04-06 21:03:59.576 [restartedMain] org.apache.catalina.core.StandardService: Starting service [Tomcat]
[INFO ] 2019-04-06 21:03:59.577 [restartedMain] org.apache.catalina.core.StandardEngine: Starting Servlet Engine: Apache Tomcat/9.0.12
[INFO ] 2019-04-06 21:03:59.588 [restartedMain] org.apache.catalina.core.AprLifecycleListener: The APR based Apache Tomcat Native library which allows optimal performance in production environments was not found on the java.library.path: [C:\Program Files\Java\jdk1.8.0_121\bin;C:\Windows\Sun\Java\bin;C:\Windows\system32;C:\Windows;C:\ProgramData\Oracle\Java\javapath;C:\Windows\system32;C:\Windows;C:\Windows\System32\Wbem;C:\Windows\System32\WindowsPowerShell\v1.0\;C:\Program Files\Java\jdk1.8.0_121\bin;C:\Program Files\nodejs\;C:\Program Files\Git\cmd;C:\Program Files\TortoiseGit\bin;C:\Users\dmin\AppData\Local\GitHubDesktop\bin;C:\Users\dmin\AppData\Roaming\npm;.]
[INFO ] 2019-04-06 21:03:59.714 [restartedMain] org.apache.catalina.core.ContainerBase.[Tomcat].[localhost].[/]: Initializing Spring embedded WebApplicationContext
[WARN ] 2019-04-06 21:04:05.103 [restartedMain] org.springframework.boot.autoconfigure.orm.jpa.JpaBaseConfiguration$JpaWebConfiguration$JpaWebMvcConfiguration: spring.jpa.open-in-view is enabled by default. Therefore, database queries may be performed during view rendering. Explicitly configure spring.jpa.open-in-view to disable this warning
[INFO ] 2019-04-06 21:04:05.705 [restartedMain] org.apache.coyote.http11.Http11NioProtocol: Starting ProtocolHandler ["http-nio-9000"]
[INFO ] 2019-04-06 21:04:05.713 [restartedMain] org.apache.tomcat.util.net.NioSelectorPool: Using a shared selector for servlet write/read
[INFO ] 2019-04-06 21:04:05.727 [restartedMain] org.stfc.StfcApplication: Started StfcApplication in 8.406 seconds (JVM running for 9.052)
[INFO ] 2019-04-06 21:04:13.604 [http-nio-9000-exec-1] org.apache.catalina.core.ContainerBase.[Tomcat].[localhost].[/]: Initializing Spring DispatcherServlet 'dispatcherServlet'
[DEBUG] 2019-04-06 21:04:13.732 [http-nio-9000-exec-1] org.stfc.controller.UsersController: Body request: {"userName":"dongdv","password":"123456","fullName":"Dang Van Dong"}
[INFO ] 2019-04-06 21:14:34.848 [restartedMain] org.stfc.StfcApplication: Starting StfcApplication on dmin-PC with PID 5788 (E:\DONG\STFC\qldt\SOURCE\authen\target\classes started by dmin in E:\DONG\STFC\qldt\SOURCE\authen)
[DEBUG] 2019-04-06 21:14:34.853 [restartedMain] org.stfc.StfcApplication: Running with Spring Boot v2.1.0.RELEASE, Spring v5.1.2.RELEASE
[INFO ] 2019-04-06 21:14:34.854 [restartedMain] org.stfc.StfcApplication: No active profile set, falling back to default profiles: default
[ERROR] 2019-04-06 21:14:35.752 [restartedMain] org.springframework.boot.SpringApplication: Application run failed
java.lang.TypeNotPresentException: Type org.stfc.dto.Users not present
	at sun.reflect.generics.factory.CoreReflectionFactory.makeNamedType(CoreReflectionFactory.java:117) ~[?:1.8.0_121]
	at sun.reflect.generics.visitor.Reifier.visitClassTypeSignature(Reifier.java:125) ~[?:1.8.0_121]
	at sun.reflect.generics.tree.ClassTypeSignature.accept(ClassTypeSignature.java:49) ~[?:1.8.0_121]
	at sun.reflect.generics.visitor.Reifier.reifyTypeArguments(Reifier.java:68) ~[?:1.8.0_121]
	at sun.reflect.generics.visitor.Reifier.visitClassTypeSignature(Reifier.java:138) ~[?:1.8.0_121]
	at sun.reflect.generics.tree.ClassTypeSignature.accept(ClassTypeSignature.java:49) ~[?:1.8.0_121]
	at sun.reflect.generics.repository.ClassRepository.getSuperInterfaces(ClassRepository.java:108) ~[?:1.8.0_121]
	at java.lang.Class.getGenericInterfaces(Class.java:913) ~[?:1.8.0_121]
	at org.springframework.core.ResolvableType.getInterfaces(ResolvableType.java:491) ~[spring-core-5.1.2.RELEASE.jar:5.1.2.RELEASE]
	at org.springframework.core.GenericTypeResolver.buildTypeVariableMap(GenericTypeResolver.java:269) ~[spring-core-5.1.2.RELEASE.jar:5.1.2.RELEASE]
	at org.springframework.core.GenericTypeResolver.getTypeVariableMap(GenericTypeResolver.java:246) ~[spring-core-5.1.2.RELEASE.jar:5.1.2.RELEASE]
	at org.springframework.data.util.ClassTypeInformation.getTypeVariableMap(ClassTypeInformation.java:115) ~[spring-data-commons-2.1.2.RELEASE.jar:2.1.2.RELEASE]
	at org.springframework.data.util.ClassTypeInformation.getTypeVariableMap(ClassTypeInformation.java:104) ~[spring-data-commons-2.1.2.RELEASE.jar:2.1.2.RELEASE]
	at org.springframework.data.util.ClassTypeInformation.<init>(ClassTypeInformation.java:93) ~[spring-data-commons-2.1.2.RELEASE.jar:2.1.2.RELEASE]
	at java.util.concurrent.ConcurrentMap.computeIfAbsent(ConcurrentMap.java:324) ~[?:1.8.0_121]
	at org.springframework.data.util.ClassTypeInformation.from(ClassTypeInformation.java:71) ~[spring-data-commons-2.1.2.RELEASE.jar:2.1.2.RELEASE]
	at org.springframework.data.repository.core.support.AbstractRepositoryMetadata.<init>(AbstractRepositoryMetadata.java:58) ~[spring-data-commons-2.1.2.RELEASE.jar:2.1.2.RELEASE]
	at org.springframework.data.repository.core.support.DefaultRepositoryMetadata.<init>(DefaultRepositoryMetadata.java:52) ~[spring-data-commons-2.1.2.RELEASE.jar:2.1.2.RELEASE]
	at org.springframework.data.repository.core.support.AbstractRepositoryMetadata.getMetadata(AbstractRepositoryMetadata.java:73) ~[spring-data-commons-2.1.2.RELEASE.jar:2.1.2.RELEASE]
	at org.springframework.data.repository.config.RepositoryConfigurationExtensionSupport.getRepositoryConfigurations(RepositoryConfigurationExtensionSupport.java:99) ~[spring-data-commons-2.1.2.RELEASE.jar:2.1.2.RELEASE]
	at org.springframework.data.repository.config.RepositoryConfigurationDelegate.registerRepositoriesIn(RepositoryConfigurationDelegate.java:145) ~[spring-data-commons-2.1.2.RELEASE.jar:2.1.2.RELEASE]
	at org.springframework.boot.autoconfigure.data.AbstractRepositoryConfigurationSourceSupport.registerBeanDefinitions(AbstractRepositoryConfigurationSourceSupport.java:61) ~[spring-boot-autoconfigure-2.1.0.RELEASE.jar:2.1.0.RELEASE]
	at org.springframework.context.annotation.ConfigurationClassBeanDefinitionReader.lambda$loadBeanDefinitionsFromRegistrars$1(ConfigurationClassBeanDefinitionReader.java:364) ~[spring-context-5.1.2.RELEASE.jar:5.1.2.RELEASE]
	at java.util.LinkedHashMap.forEach(LinkedHashMap.java:684) ~[?:1.8.0_121]
	at org.springframework.context.annotation.ConfigurationClassBeanDefinitionReader.loadBeanDefinitionsFromRegistrars(ConfigurationClassBeanDefinitionReader.java:363) ~[spring-context-5.1.2.RELEASE.jar:5.1.2.RELEASE]
	at org.springframework.context.annotation.ConfigurationClassBeanDefinitionReader.loadBeanDefinitionsForConfigurationClass(ConfigurationClassBeanDefinitionReader.java:145) ~[spring-context-5.1.2.RELEASE.jar:5.1.2.RELEASE]
	at org.springframework.context.annotation.ConfigurationClassBeanDefinitionReader.loadBeanDefinitions(ConfigurationClassBeanDefinitionReader.java:117) ~[spring-context-5.1.2.RELEASE.jar:5.1.2.RELEASE]
	at org.springframework.context.annotation.ConfigurationClassPostProcessor.processConfigBeanDefinitions(ConfigurationClassPostProcessor.java:327) ~[spring-context-5.1.2.RELEASE.jar:5.1.2.RELEASE]
	at org.springframework.context.annotation.ConfigurationClassPostProcessor.postProcessBeanDefinitionRegistry(ConfigurationClassPostProcessor.java:232) ~[spring-context-5.1.2.RELEASE.jar:5.1.2.RELEASE]
	at org.springframework.context.support.PostProcessorRegistrationDelegate.invokeBeanDefinitionRegistryPostProcessors(PostProcessorRegistrationDelegate.java:275) ~[spring-context-5.1.2.RELEASE.jar:5.1.2.RELEASE]
	at org.springframework.context.support.PostProcessorRegistrationDelegate.invokeBeanFactoryPostProcessors(PostProcessorRegistrationDelegate.java:95) ~[spring-context-5.1.2.RELEASE.jar:5.1.2.RELEASE]
	at org.springframework.context.support.AbstractApplicationContext.invokeBeanFactoryPostProcessors(AbstractApplicationContext.java:691) ~[spring-context-5.1.2.RELEASE.jar:5.1.2.RELEASE]
	at org.springframework.context.support.AbstractApplicationContext.refresh(AbstractApplicationContext.java:528) ~[spring-context-5.1.2.RELEASE.jar:5.1.2.RELEASE]
	at org.springframework.boot.web.servlet.context.ServletWebServerApplicationContext.refresh(ServletWebServerApplicationContext.java:140) ~[spring-boot-2.1.0.RELEASE.jar:2.1.0.RELEASE]
	at org.springframework.boot.SpringApplication.refresh(SpringApplication.java:775) [spring-boot-2.1.0.RELEASE.jar:2.1.0.RELEASE]
	at org.springframework.boot.SpringApplication.refreshContext(SpringApplication.java:397) [spring-boot-2.1.0.RELEASE.jar:2.1.0.RELEASE]
	at org.springframework.boot.SpringApplication.run(SpringApplication.java:316) [spring-boot-2.1.0.RELEASE.jar:2.1.0.RELEASE]
	at org.springframework.boot.SpringApplication.run(SpringApplication.java:1260) [spring-boot-2.1.0.RELEASE.jar:2.1.0.RELEASE]
	at org.springframework.boot.SpringApplication.run(SpringApplication.java:1248) [spring-boot-2.1.0.RELEASE.jar:2.1.0.RELEASE]
	at org.stfc.StfcApplication.main(StfcApplication.java:16) [classes/:?]
	at sun.reflect.NativeMethodAccessorImpl.invoke0(Native Method) ~[?:1.8.0_121]
	at sun.reflect.NativeMethodAccessorImpl.invoke(NativeMethodAccessorImpl.java:62) ~[?:1.8.0_121]
	at sun.reflect.DelegatingMethodAccessorImpl.invoke(DelegatingMethodAccessorImpl.java:43) ~[?:1.8.0_121]
	at java.lang.reflect.Method.invoke(Method.java:498) ~[?:1.8.0_121]
	at org.springframework.boot.devtools.restart.RestartLauncher.run(RestartLauncher.java:49) [spring-boot-devtools-2.1.0.RELEASE.jar:2.1.0.RELEASE]
Caused by: java.lang.ClassNotFoundException: org.stfc.dto.Users
	at org.springframework.instrument.classloading.ShadowingClassLoader.doLoadClass(ShadowingClassLoader.java:151) ~[spring-context-5.1.2.RELEASE.jar:5.1.2.RELEASE]
	at org.springframework.instrument.classloading.ShadowingClassLoader.loadClass(ShadowingClassLoader.java:118) ~[spring-context-5.1.2.RELEASE.jar:5.1.2.RELEASE]
	at java.lang.Class.forName0(Native Method) ~[?:1.8.0_121]
	at java.lang.Class.forName(Class.java:348) ~[?:1.8.0_121]
	at sun.reflect.generics.factory.CoreReflectionFactory.makeNamedType(CoreReflectionFactory.java:114) ~[?:1.8.0_121]
	... 44 more
[INFO ] 2019-04-06 21:15:14.652 [restartedMain] org.stfc.StfcApplication: Starting StfcApplication on dmin-PC with PID 5084 (E:\DONG\STFC\qldt\SOURCE\authen\target\classes started by dmin in E:\DONG\STFC\qldt\SOURCE\authen)
[DEBUG] 2019-04-06 21:15:14.656 [restartedMain] org.stfc.StfcApplication: Running with Spring Boot v2.1.0.RELEASE, Spring v5.1.2.RELEASE
[INFO ] 2019-04-06 21:15:14.657 [restartedMain] org.stfc.StfcApplication: No active profile set, falling back to default profiles: default
[ERROR] 2019-04-06 21:15:15.499 [restartedMain] org.springframework.boot.SpringApplication: Application run failed
java.lang.TypeNotPresentException: Type org.stfc.dto.Users not present
	at sun.reflect.generics.factory.CoreReflectionFactory.makeNamedType(CoreReflectionFactory.java:117) ~[?:1.8.0_121]
	at sun.reflect.generics.visitor.Reifier.visitClassTypeSignature(Reifier.java:125) ~[?:1.8.0_121]
	at sun.reflect.generics.tree.ClassTypeSignature.accept(ClassTypeSignature.java:49) ~[?:1.8.0_121]
	at sun.reflect.generics.visitor.Reifier.reifyTypeArguments(Reifier.java:68) ~[?:1.8.0_121]
	at sun.reflect.generics.visitor.Reifier.visitClassTypeSignature(Reifier.java:138) ~[?:1.8.0_121]
	at sun.reflect.generics.tree.ClassTypeSignature.accept(ClassTypeSignature.java:49) ~[?:1.8.0_121]
	at sun.reflect.generics.repository.ClassRepository.getSuperInterfaces(ClassRepository.java:108) ~[?:1.8.0_121]
	at java.lang.Class.getGenericInterfaces(Class.java:913) ~[?:1.8.0_121]
	at org.springframework.core.ResolvableType.getInterfaces(ResolvableType.java:491) ~[spring-core-5.1.2.RELEASE.jar:5.1.2.RELEASE]
	at org.springframework.core.GenericTypeResolver.buildTypeVariableMap(GenericTypeResolver.java:269) ~[spring-core-5.1.2.RELEASE.jar:5.1.2.RELEASE]
	at org.springframework.core.GenericTypeResolver.getTypeVariableMap(GenericTypeResolver.java:246) ~[spring-core-5.1.2.RELEASE.jar:5.1.2.RELEASE]
	at org.springframework.data.util.ClassTypeInformation.getTypeVariableMap(ClassTypeInformation.java:115) ~[spring-data-commons-2.1.2.RELEASE.jar:2.1.2.RELEASE]
	at org.springframework.data.util.ClassTypeInformation.getTypeVariableMap(ClassTypeInformation.java:104) ~[spring-data-commons-2.1.2.RELEASE.jar:2.1.2.RELEASE]
	at org.springframework.data.util.ClassTypeInformation.<init>(ClassTypeInformation.java:93) ~[spring-data-commons-2.1.2.RELEASE.jar:2.1.2.RELEASE]
	at java.util.concurrent.ConcurrentMap.computeIfAbsent(ConcurrentMap.java:324) ~[?:1.8.0_121]
	at org.springframework.data.util.ClassTypeInformation.from(ClassTypeInformation.java:71) ~[spring-data-commons-2.1.2.RELEASE.jar:2.1.2.RELEASE]
	at org.springframework.data.repository.core.support.AbstractRepositoryMetadata.<init>(AbstractRepositoryMetadata.java:58) ~[spring-data-commons-2.1.2.RELEASE.jar:2.1.2.RELEASE]
	at org.springframework.data.repository.core.support.DefaultRepositoryMetadata.<init>(DefaultRepositoryMetadata.java:52) ~[spring-data-commons-2.1.2.RELEASE.jar:2.1.2.RELEASE]
	at org.springframework.data.repository.core.support.AbstractRepositoryMetadata.getMetadata(AbstractRepositoryMetadata.java:73) ~[spring-data-commons-2.1.2.RELEASE.jar:2.1.2.RELEASE]
	at org.springframework.data.repository.config.RepositoryConfigurationExtensionSupport.getRepositoryConfigurations(RepositoryConfigurationExtensionSupport.java:99) ~[spring-data-commons-2.1.2.RELEASE.jar:2.1.2.RELEASE]
	at org.springframework.data.repository.config.RepositoryConfigurationDelegate.registerRepositoriesIn(RepositoryConfigurationDelegate.java:145) ~[spring-data-commons-2.1.2.RELEASE.jar:2.1.2.RELEASE]
	at org.springframework.boot.autoconfigure.data.AbstractRepositoryConfigurationSourceSupport.registerBeanDefinitions(AbstractRepositoryConfigurationSourceSupport.java:61) ~[spring-boot-autoconfigure-2.1.0.RELEASE.jar:2.1.0.RELEASE]
	at org.springframework.context.annotation.ConfigurationClassBeanDefinitionReader.lambda$loadBeanDefinitionsFromRegistrars$1(ConfigurationClassBeanDefinitionReader.java:364) ~[spring-context-5.1.2.RELEASE.jar:5.1.2.RELEASE]
	at java.util.LinkedHashMap.forEach(LinkedHashMap.java:684) ~[?:1.8.0_121]
	at org.springframework.context.annotation.ConfigurationClassBeanDefinitionReader.loadBeanDefinitionsFromRegistrars(ConfigurationClassBeanDefinitionReader.java:363) ~[spring-context-5.1.2.RELEASE.jar:5.1.2.RELEASE]
	at org.springframework.context.annotation.ConfigurationClassBeanDefinitionReader.loadBeanDefinitionsForConfigurationClass(ConfigurationClassBeanDefinitionReader.java:145) ~[spring-context-5.1.2.RELEASE.jar:5.1.2.RELEASE]
	at org.springframework.context.annotation.ConfigurationClassBeanDefinitionReader.loadBeanDefinitions(ConfigurationClassBeanDefinitionReader.java:117) ~[spring-context-5.1.2.RELEASE.jar:5.1.2.RELEASE]
	at org.springframework.context.annotation.ConfigurationClassPostProcessor.processConfigBeanDefinitions(ConfigurationClassPostProcessor.java:327) ~[spring-context-5.1.2.RELEASE.jar:5.1.2.RELEASE]
	at org.springframework.context.annotation.ConfigurationClassPostProcessor.postProcessBeanDefinitionRegistry(ConfigurationClassPostProcessor.java:232) ~[spring-context-5.1.2.RELEASE.jar:5.1.2.RELEASE]
	at org.springframework.context.support.PostProcessorRegistrationDelegate.invokeBeanDefinitionRegistryPostProcessors(PostProcessorRegistrationDelegate.java:275) ~[spring-context-5.1.2.RELEASE.jar:5.1.2.RELEASE]
	at org.springframework.context.support.PostProcessorRegistrationDelegate.invokeBeanFactoryPostProcessors(PostProcessorRegistrationDelegate.java:95) ~[spring-context-5.1.2.RELEASE.jar:5.1.2.RELEASE]
	at org.springframework.context.support.AbstractApplicationContext.invokeBeanFactoryPostProcessors(AbstractApplicationContext.java:691) ~[spring-context-5.1.2.RELEASE.jar:5.1.2.RELEASE]
	at org.springframework.context.support.AbstractApplicationContext.refresh(AbstractApplicationContext.java:528) ~[spring-context-5.1.2.RELEASE.jar:5.1.2.RELEASE]
	at org.springframework.boot.web.servlet.context.ServletWebServerApplicationContext.refresh(ServletWebServerApplicationContext.java:140) ~[spring-boot-2.1.0.RELEASE.jar:2.1.0.RELEASE]
	at org.springframework.boot.SpringApplication.refresh(SpringApplication.java:775) [spring-boot-2.1.0.RELEASE.jar:2.1.0.RELEASE]
	at org.springframework.boot.SpringApplication.refreshContext(SpringApplication.java:397) [spring-boot-2.1.0.RELEASE.jar:2.1.0.RELEASE]
	at org.springframework.boot.SpringApplication.run(SpringApplication.java:316) [spring-boot-2.1.0.RELEASE.jar:2.1.0.RELEASE]
	at org.springframework.boot.SpringApplication.run(SpringApplication.java:1260) [spring-boot-2.1.0.RELEASE.jar:2.1.0.RELEASE]
	at org.springframework.boot.SpringApplication.run(SpringApplication.java:1248) [spring-boot-2.1.0.RELEASE.jar:2.1.0.RELEASE]
	at org.stfc.StfcApplication.main(StfcApplication.java:16) [classes/:?]
	at sun.reflect.NativeMethodAccessorImpl.invoke0(Native Method) ~[?:1.8.0_121]
	at sun.reflect.NativeMethodAccessorImpl.invoke(NativeMethodAccessorImpl.java:62) ~[?:1.8.0_121]
	at sun.reflect.DelegatingMethodAccessorImpl.invoke(DelegatingMethodAccessorImpl.java:43) ~[?:1.8.0_121]
	at java.lang.reflect.Method.invoke(Method.java:498) ~[?:1.8.0_121]
	at org.springframework.boot.devtools.restart.RestartLauncher.run(RestartLauncher.java:49) [spring-boot-devtools-2.1.0.RELEASE.jar:2.1.0.RELEASE]
Caused by: java.lang.ClassNotFoundException: org.stfc.dto.Users
	at org.springframework.instrument.classloading.ShadowingClassLoader.doLoadClass(ShadowingClassLoader.java:151) ~[spring-context-5.1.2.RELEASE.jar:5.1.2.RELEASE]
	at org.springframework.instrument.classloading.ShadowingClassLoader.loadClass(ShadowingClassLoader.java:118) ~[spring-context-5.1.2.RELEASE.jar:5.1.2.RELEASE]
	at java.lang.Class.forName0(Native Method) ~[?:1.8.0_121]
	at java.lang.Class.forName(Class.java:348) ~[?:1.8.0_121]
	at sun.reflect.generics.factory.CoreReflectionFactory.makeNamedType(CoreReflectionFactory.java:114) ~[?:1.8.0_121]
	... 44 more
[INFO ] 2019-04-06 21:15:44.833 [restartedMain] org.stfc.StfcApplication: Starting StfcApplication on dmin-PC with PID 4256 (E:\DONG\STFC\qldt\SOURCE\authen\target\classes started by dmin in E:\DONG\STFC\qldt\SOURCE\authen)
[DEBUG] 2019-04-06 21:15:44.839 [restartedMain] org.stfc.StfcApplication: Running with Spring Boot v2.1.0.RELEASE, Spring v5.1.2.RELEASE
[INFO ] 2019-04-06 21:15:44.840 [restartedMain] org.stfc.StfcApplication: No active profile set, falling back to default profiles: default
[INFO ] 2019-04-06 21:15:46.806 [restartedMain] org.apache.coyote.http11.Http11NioProtocol: Initializing ProtocolHandler ["http-nio-9000"]
[INFO ] 2019-04-06 21:15:46.814 [restartedMain] org.apache.catalina.core.StandardService: Starting service [Tomcat]
[INFO ] 2019-04-06 21:15:46.814 [restartedMain] org.apache.catalina.core.StandardEngine: Starting Servlet Engine: Apache Tomcat/9.0.12
[INFO ] 2019-04-06 21:15:46.826 [restartedMain] org.apache.catalina.core.AprLifecycleListener: The APR based Apache Tomcat Native library which allows optimal performance in production environments was not found on the java.library.path: [C:\Program Files\Java\jdk1.8.0_121\bin;C:\Windows\Sun\Java\bin;C:\Windows\system32;C:\Windows;C:\ProgramData\Oracle\Java\javapath;C:\Windows\system32;C:\Windows;C:\Windows\System32\Wbem;C:\Windows\System32\WindowsPowerShell\v1.0\;C:\Program Files\Java\jdk1.8.0_121\bin;C:\Program Files\nodejs\;C:\Program Files\Git\cmd;C:\Program Files\TortoiseGit\bin;C:\Users\dmin\AppData\Local\GitHubDesktop\bin;C:\Users\dmin\AppData\Roaming\npm;.]
[INFO ] 2019-04-06 21:15:46.920 [restartedMain] org.apache.catalina.core.ContainerBase.[Tomcat].[localhost].[/]: Initializing Spring embedded WebApplicationContext
[WARN ] 2019-04-06 21:15:51.759 [restartedMain] org.springframework.boot.autoconfigure.orm.jpa.JpaBaseConfiguration$JpaWebConfiguration$JpaWebMvcConfiguration: spring.jpa.open-in-view is enabled by default. Therefore, database queries may be performed during view rendering. Explicitly configure spring.jpa.open-in-view to disable this warning
[INFO ] 2019-04-06 21:15:52.281 [restartedMain] org.apache.coyote.http11.Http11NioProtocol: Starting ProtocolHandler ["http-nio-9000"]
[INFO ] 2019-04-06 21:15:52.290 [restartedMain] org.apache.tomcat.util.net.NioSelectorPool: Using a shared selector for servlet write/read
[INFO ] 2019-04-06 21:15:52.305 [restartedMain] org.stfc.StfcApplication: Started StfcApplication in 7.741 seconds (JVM running for 8.403)
[INFO ] 2019-04-06 21:16:04.638 [http-nio-9000-exec-1] org.apache.catalina.core.ContainerBase.[Tomcat].[localhost].[/]: Initializing Spring DispatcherServlet 'dispatcherServlet'
[WARN ] 2019-04-06 21:16:04.754 [http-nio-9000-exec-1] org.springframework.web.servlet.mvc.support.DefaultHandlerExceptionResolver: Resolved [org.springframework.http.converter.HttpMessageNotReadableException: Required request body is missing: public java.lang.String org.stfc.controller.UsersController.saveUser(org.stfc.dto.Users)]
[DEBUG] 2019-04-06 21:16:26.032 [http-nio-9000-exec-2] org.stfc.controller.UsersController: Body request: {}
[DEBUG] 2019-04-06 21:17:12.555 [http-nio-9000-exec-4] org.stfc.controller.UsersController: Body request: {"userName":"dongdv","password":"123456","fullName":"Dang Van Dong"}
[INFO ] 2019-04-06 21:18:39.723 [restartedMain] org.stfc.StfcApplication: Starting StfcApplication on dmin-PC with PID 4256 (E:\DONG\STFC\qldt\SOURCE\authen\target\classes started by dmin in E:\DONG\STFC\qldt\SOURCE\authen)
[DEBUG] 2019-04-06 21:18:39.723 [restartedMain] org.stfc.StfcApplication: Running with Spring Boot v2.1.0.RELEASE, Spring v5.1.2.RELEASE
[INFO ] 2019-04-06 21:18:39.723 [restartedMain] org.stfc.StfcApplication: No active profile set, falling back to default profiles: default
[INFO ] 2019-04-06 21:18:40.177 [restartedMain] org.apache.coyote.http11.Http11NioProtocol: Initializing ProtocolHandler ["http-nio-9000"]
[INFO ] 2019-04-06 21:18:40.178 [restartedMain] org.apache.catalina.core.StandardService: Starting service [Tomcat]
[INFO ] 2019-04-06 21:18:40.178 [restartedMain] org.apache.catalina.core.StandardEngine: Starting Servlet Engine: Apache Tomcat/9.0.12
[INFO ] 2019-04-06 21:18:40.192 [restartedMain] org.apache.catalina.core.ContainerBase.[Tomcat].[localhost].[/]: Initializing Spring embedded WebApplicationContext
[INFO ] 2019-04-06 21:28:00.006 [restartedMain] org.stfc.StfcApplication: Starting StfcApplication on dmin-PC with PID 3536 (E:\DONG\STFC\qldt\SOURCE\authen\target\classes started by dmin in E:\DONG\STFC\qldt\SOURCE\authen)
[DEBUG] 2019-04-06 21:28:00.011 [restartedMain] org.stfc.StfcApplication: Running with Spring Boot v2.1.0.RELEASE, Spring v5.1.2.RELEASE
[INFO ] 2019-04-06 21:28:00.012 [restartedMain] org.stfc.StfcApplication: No active profile set, falling back to default profiles: default
[INFO ] 2019-04-06 21:28:02.344 [restartedMain] org.apache.coyote.http11.Http11NioProtocol: Initializing ProtocolHandler ["http-nio-9000"]
[INFO ] 2019-04-06 21:28:02.353 [restartedMain] org.apache.catalina.core.StandardService: Starting service [Tomcat]
[INFO ] 2019-04-06 21:28:02.354 [restartedMain] org.apache.catalina.core.StandardEngine: Starting Servlet Engine: Apache Tomcat/9.0.12
[INFO ] 2019-04-06 21:28:02.363 [restartedMain] org.apache.catalina.core.AprLifecycleListener: The APR based Apache Tomcat Native library which allows optimal performance in production environments was not found on the java.library.path: [C:\Program Files\Java\jdk1.8.0_121\bin;C:\Windows\Sun\Java\bin;C:\Windows\system32;C:\Windows;C:\ProgramData\Oracle\Java\javapath;C:\Windows\system32;C:\Windows;C:\Windows\System32\Wbem;C:\Windows\System32\WindowsPowerShell\v1.0\;C:\Program Files\Java\jdk1.8.0_121\bin;C:\Program Files\nodejs\;C:\Program Files\Git\cmd;C:\Program Files\TortoiseGit\bin;C:\Users\dmin\AppData\Local\GitHubDesktop\bin;C:\Users\dmin\AppData\Roaming\npm;.]
[INFO ] 2019-04-06 21:28:02.457 [restartedMain] org.apache.catalina.core.ContainerBase.[Tomcat].[localhost].[/]: Initializing Spring embedded WebApplicationContext
[WARN ] 2019-04-06 21:28:05.954 [restartedMain] org.springframework.boot.autoconfigure.orm.jpa.JpaBaseConfiguration$JpaWebConfiguration$JpaWebMvcConfiguration: spring.jpa.open-in-view is enabled by default. Therefore, database queries may be performed during view rendering. Explicitly configure spring.jpa.open-in-view to disable this warning
[INFO ] 2019-04-06 21:28:06.574 [restartedMain] org.apache.coyote.http11.Http11NioProtocol: Starting ProtocolHandler ["http-nio-9000"]
[INFO ] 2019-04-06 21:28:06.582 [restartedMain] org.apache.tomcat.util.net.NioSelectorPool: Using a shared selector for servlet write/read
[INFO ] 2019-04-06 21:28:06.595 [restartedMain] org.stfc.StfcApplication: Started StfcApplication in 6.901 seconds (JVM running for 7.581)
[INFO ] 2019-04-06 21:28:12.736 [http-nio-9000-exec-1] org.apache.catalina.core.ContainerBase.[Tomcat].[localhost].[/]: Initializing Spring DispatcherServlet 'dispatcherServlet'
[DEBUG] 2019-04-06 21:28:12.846 [http-nio-9000-exec-1] org.stfc.controller.UsersController: Body request: {"userName":"dongdv","password":"123456","fullName":"Dang Van Dong"}
[INFO ] 2019-04-06 21:32:42.449 [restartedMain] org.stfc.StfcApplication: Starting StfcApplication on dmin-PC with PID 5456 (E:\DONG\STFC\qldt\SOURCE\authen\target\classes started by dmin in E:\DONG\STFC\qldt\SOURCE\authen)
[DEBUG] 2019-04-06 21:32:42.454 [restartedMain] org.stfc.StfcApplication: Running with Spring Boot v2.1.0.RELEASE, Spring v5.1.2.RELEASE
[INFO ] 2019-04-06 21:32:42.455 [restartedMain] org.stfc.StfcApplication: No active profile set, falling back to default profiles: default
[INFO ] 2019-04-06 21:32:44.388 [restartedMain] org.apache.coyote.http11.Http11NioProtocol: Initializing ProtocolHandler ["http-nio-9000"]
[INFO ] 2019-04-06 21:32:44.395 [restartedMain] org.apache.catalina.core.StandardService: Starting service [Tomcat]
[INFO ] 2019-04-06 21:32:44.396 [restartedMain] org.apache.catalina.core.StandardEngine: Starting Servlet Engine: Apache Tomcat/9.0.12
[INFO ] 2019-04-06 21:32:44.406 [restartedMain] org.apache.catalina.core.AprLifecycleListener: The APR based Apache Tomcat Native library which allows optimal performance in production environments was not found on the java.library.path: [C:\Program Files\Java\jdk1.8.0_121\bin;C:\Windows\Sun\Java\bin;C:\Windows\system32;C:\Windows;C:\ProgramData\Oracle\Java\javapath;C:\Windows\system32;C:\Windows;C:\Windows\System32\Wbem;C:\Windows\System32\WindowsPowerShell\v1.0\;C:\Program Files\Java\jdk1.8.0_121\bin;C:\Program Files\nodejs\;C:\Program Files\Git\cmd;C:\Program Files\TortoiseGit\bin;C:\Users\dmin\AppData\Local\GitHubDesktop\bin;C:\Users\dmin\AppData\Roaming\npm;.]
[INFO ] 2019-04-06 21:32:44.508 [restartedMain] org.apache.catalina.core.ContainerBase.[Tomcat].[localhost].[/]: Initializing Spring embedded WebApplicationContext
[WARN ] 2019-04-06 21:32:48.104 [restartedMain] org.springframework.boot.autoconfigure.orm.jpa.JpaBaseConfiguration$JpaWebConfiguration$JpaWebMvcConfiguration: spring.jpa.open-in-view is enabled by default. Therefore, database queries may be performed during view rendering. Explicitly configure spring.jpa.open-in-view to disable this warning
[INFO ] 2019-04-06 21:32:48.693 [restartedMain] org.apache.coyote.http11.Http11NioProtocol: Starting ProtocolHandler ["http-nio-9000"]
[INFO ] 2019-04-06 21:32:48.701 [restartedMain] org.apache.tomcat.util.net.NioSelectorPool: Using a shared selector for servlet write/read
[INFO ] 2019-04-06 21:32:48.717 [restartedMain] org.stfc.StfcApplication: Started StfcApplication in 6.54 seconds (JVM running for 7.196)
[INFO ] 2019-04-06 21:32:55.157 [http-nio-9000-exec-1] org.apache.catalina.core.ContainerBase.[Tomcat].[localhost].[/]: Initializing Spring DispatcherServlet 'dispatcherServlet'
[DEBUG] 2019-04-06 21:32:55.289 [http-nio-9000-exec-1] org.stfc.controller.UsersController: Body request: {"userName":"dongdv","password":"123456","fullName":"Dang Van Dong"}
[WARN ] 2019-04-06 21:34:46.996 [http-nio-9000-exec-3] org.springframework.web.servlet.mvc.support.DefaultHandlerExceptionResolver: Resolved [org.springframework.http.converter.HttpMessageNotReadableException: JSON parse error: Unexpected character ('"' (code 34)): was expecting comma to separate Object entries; nested exception is com.fasterxml.jackson.core.JsonParseException: Unexpected character ('"' (code 34)): was expecting comma to separate Object entries
 at [Source: (PushbackInputStream); line: 3, column: 3]]
[DEBUG] 2019-04-06 21:34:53.208 [http-nio-9000-exec-4] org.stfc.controller.UsersController: Body request: {"userId":1,"userName":"dongdv","password":"123456","fullName":"Dang Van Dong","userType":1,"status":1}
